2017-10-24 09:42:38,147 [myid:] - INFO  [main:QuorumPeerConfig@134] - Reading configuration from: /Users/apple/Documents/Dev/tools/zookeeper-3.4.10/bin/../conf/zoo.cfg
2017-10-24 09:42:38,152 [myid:] - INFO  [main:DatadirCleanupManager@78] - autopurge.snapRetainCount set to 3
2017-10-24 09:42:38,153 [myid:] - INFO  [main:DatadirCleanupManager@79] - autopurge.purgeInterval set to 0
2017-10-24 09:42:38,153 [myid:] - INFO  [main:DatadirCleanupManager@101] - Purge task is not scheduled.
2017-10-24 09:42:38,153 [myid:] - WARN  [main:QuorumPeerMain@113] - Either no config or no quorum defined in config, running  in standalone mode
2017-10-24 09:42:38,167 [myid:] - INFO  [main:QuorumPeerConfig@134] - Reading configuration from: /Users/apple/Documents/Dev/tools/zookeeper-3.4.10/bin/../conf/zoo.cfg
2017-10-24 09:42:38,168 [myid:] - INFO  [main:ZooKeeperServerMain@96] - Starting server
2017-10-24 09:42:38,246 [myid:] - INFO  [main:Environment@100] - Server environment:zookeeper.version=3.4.10-39d3a4f269333c922ed3db283be479f9deacaa0f, built on 03/23/2017 10:13 GMT
2017-10-24 09:42:38,246 [myid:] - INFO  [main:Environment@100] - Server environment:host.name=192.168.1.112
2017-10-24 09:42:38,246 [myid:] - INFO  [main:Environment@100] - Server environment:java.version=1.8.0_121
2017-10-24 09:42:38,246 [myid:] - INFO  [main:Environment@100] - Server environment:java.vendor=Oracle Corporation
2017-10-24 09:42:38,247 [myid:] - INFO  [main:Environment@100] - Server environment:java.home=/Library/Java/JavaVirtualMachines/jdk1.8.0_121.jdk/Contents/Home/jre
2017-10-24 09:42:38,247 [myid:] - INFO  [main:Environment@100] - Server environment:java.class.path=/Users/apple/Documents/Dev/tools/zookeeper-3.4.10/bin/../build/classes:/Users/apple/Documents/Dev/tools/zookeeper-3.4.10/bin/../build/lib/*.jar:/Users/apple/Documents/Dev/tools/zookeeper-3.4.10/bin/../lib/slf4j-log4j12-1.6.1.jar:/Users/apple/Documents/Dev/tools/zookeeper-3.4.10/bin/../lib/slf4j-api-1.6.1.jar:/Users/apple/Documents/Dev/tools/zookeeper-3.4.10/bin/../lib/netty-3.10.5.Final.jar:/Users/apple/Documents/Dev/tools/zookeeper-3.4.10/bin/../lib/log4j-1.2.16.jar:/Users/apple/Documents/Dev/tools/zookeeper-3.4.10/bin/../lib/jline-0.9.94.jar:/Users/apple/Documents/Dev/tools/zookeeper-3.4.10/bin/../zookeeper-3.4.10.jar:/Users/apple/Documents/Dev/tools/zookeeper-3.4.10/bin/../src/java/lib/*.jar:/Users/apple/Documents/Dev/tools/zookeeper-3.4.10/bin/../conf:
2017-10-24 09:42:38,247 [myid:] - INFO  [main:Environment@100] - Server environment:java.library.path=/Users/apple/Library/Java/Extensions:/Library/Java/Extensions:/Network/Library/Java/Extensions:/System/Library/Java/Extensions:/usr/lib/java:.
2017-10-24 09:42:38,247 [myid:] - INFO  [main:Environment@100] - Server environment:java.io.tmpdir=/var/folders/43/7t7ygbj101v0tsfbtr253xd80000gn/T/
2017-10-24 09:42:38,248 [myid:] - INFO  [main:Environment@100] - Server environment:java.compiler=<NA>
2017-10-24 09:42:38,250 [myid:] - INFO  [main:Environment@100] - Server environment:os.name=Mac OS X
2017-10-24 09:42:38,250 [myid:] - INFO  [main:Environment@100] - Server environment:os.arch=x86_64
2017-10-24 09:42:38,250 [myid:] - INFO  [main:Environment@100] - Server environment:os.version=10.12.4
2017-10-24 09:42:38,250 [myid:] - INFO  [main:Environment@100] - Server environment:user.name=LB001
2017-10-24 09:42:38,250 [myid:] - INFO  [main:Environment@100] - Server environment:user.home=/Users/apple
2017-10-24 09:42:38,250 [myid:] - INFO  [main:Environment@100] - Server environment:user.dir=/Users/apple/Documents/Dev/tools/zookeeper-3.4.10
2017-10-24 09:42:38,259 [myid:] - INFO  [main:ZooKeeperServer@829] - tickTime set to 2000
2017-10-24 09:42:38,260 [myid:] - INFO  [main:ZooKeeperServer@838] - minSessionTimeout set to -1
2017-10-24 09:42:38,260 [myid:] - INFO  [main:ZooKeeperServer@847] - maxSessionTimeout set to -1
2017-10-24 09:42:38,283 [myid:] - INFO  [main:NIOServerCnxnFactory@89] - binding to port 0.0.0.0/0.0.0.0:2181
