2017-10-24 14:22:35  [ main:0 ] - [ INFO ]  注册 HttpService:/api/server/getroomserver
2017-10-24 14:22:35  [ main:10 ] - [ INFO ]  注册 HttpService:/api/sign
2017-10-24 14:22:35  [ main:11 ] - [ INFO ]  注册 HttpService:/api/server/reg
2017-10-24 14:22:35  [ main:11 ] - [ INFO ]  注册 HttpService:/api/review/list
2017-10-24 14:22:35  [ main:11 ] - [ INFO ]  注册 HttpService:/api/room
2017-10-24 14:22:35  [ main:11 ] - [ INFO ]  注册 HttpService:/api/history
2017-10-24 14:22:35  [ main:12 ] - [ INFO ]  注册 HttpService:/api/server/syn
2017-10-24 14:22:35  [ main:12 ] - [ INFO ]  注册 HttpService:/admin/server
2017-10-24 14:22:35  [ main:12 ] - [ INFO ]  注册 HttpService:/api/record/upload
2017-10-24 14:22:36  [ main:1100 ] - [ DEBUG ]  Adding [systemProperties] PropertySource with lowest search precedence
2017-10-24 14:22:37  [ main:1268 ] - [ DEBUG ]  Adding [systemEnvironment] PropertySource with lowest search precedence
2017-10-24 14:22:37  [ main:1268 ] - [ DEBUG ]  Initialized StandardEnvironment with PropertySources [systemProperties,systemEnvironment]
2017-10-24 14:22:37  [ main:1273 ] - [ INFO ]  Refreshing org.springframework.context.support.FileSystemXmlApplicationContext@59fc684e: startup date [Tue Oct 24 14:22:37 CST 2017]; root of context hierarchy
2017-10-24 14:22:37  [ main:1326 ] - [ DEBUG ]  Adding [systemProperties] PropertySource with lowest search precedence
2017-10-24 14:22:37  [ main:1327 ] - [ DEBUG ]  Adding [systemEnvironment] PropertySource with lowest search precedence
2017-10-24 14:22:37  [ main:1327 ] - [ DEBUG ]  Initialized StandardEnvironment with PropertySources [systemProperties,systemEnvironment]
2017-10-24 14:22:37  [ main:1342 ] - [ INFO ]  Loading XML bean definitions from file [/Users/yangyang/Desktop/Majiang/majiang-server/CenterServer/config/dubbo.xml]
2017-10-24 14:22:37  [ main:1510 ] - [ DEBUG ]  Using JAXP provider [com.sun.org.apache.xerces.internal.jaxp.DocumentBuilderFactoryImpl]
2017-10-24 14:22:37  [ main:1538 ] - [ DEBUG ]  Loading schema mappings from [META-INF/spring.schemas]
2017-10-24 14:22:37  [ main:1759 ] - [ DEBUG ]  Loaded schema mappings: {http://www.springframework.org/schema/tx/spring-tx-2.5.xsd=org/springframework/transaction/config/spring-tx-2.5.xsd, http://www.springframework.org/schema/cache/spring-cache-4.2.xsd=org/springframework/cache/config/spring-cache-4.2.xsd, http://www.springframework.org/schema/aop/spring-aop-4.1.xsd=org/springframework/aop/config/spring-aop-4.1.xsd, http://www.springframework.org/schema/context/spring-context-3.1.xsd=org/springframework/context/config/spring-context-3.1.xsd, http://www.springframework.org/schema/jdbc/spring-jdbc-4.1.xsd=org/springframework/jdbc/config/spring-jdbc-4.1.xsd, http://www.springframework.org/schema/util/spring-util-3.0.xsd=org/springframework/beans/factory/xml/spring-util-3.0.xsd, http://www.springframework.org/schema/tool/spring-tool.xsd=org/springframework/beans/factory/xml/spring-tool-4.2.xsd, http://www.springframework.org/schema/aop/spring-aop-3.2.xsd=org/springframework/aop/config/spring-aop-3.2.xsd, http://www.springframework.org/schema/lang/spring-lang-4.1.xsd=org/springframework/scripting/config/spring-lang-4.1.xsd, http://www.springframework.org/schema/context/spring-context-4.0.xsd=org/springframework/context/config/spring-context-4.0.xsd, http://www.springframework.org/schema/beans/spring-beans-4.2.xsd=org/springframework/beans/factory/xml/spring-beans-4.2.xsd, http://www.springframework.org/schema/tool/spring-tool-4.1.xsd=org/springframework/beans/factory/xml/spring-tool-4.1.xsd, http://www.springframework.org/schema/lang/spring-lang-3.2.xsd=org/springframework/scripting/config/spring-lang-3.2.xsd, http://www.springframework.org/schema/cache/spring-cache-3.2.xsd=org/springframework/cache/config/spring-cache-3.2.xsd, http://www.springframework.org/schema/jee/spring-jee-4.1.xsd=org/springframework/ejb/config/spring-jee-4.1.xsd, http://www.springframework.org/schema/jdbc/spring-jdbc-3.1.xsd=org/springframework/jdbc/config/spring-jdbc-3.1.xsd, http://www.springframework.org/schema/util/spring-util-2.0.xsd=org/springframework/beans/factory/xml/spring-util-2.0.xsd, http://www.springframework.org/schema/task/spring-task-4.2.xsd=org/springframework/scheduling/config/spring-task-4.2.xsd, http://www.springframework.org/schema/tool/spring-tool-3.2.xsd=org/springframework/beans/factory/xml/spring-tool-3.2.xsd, http://www.springframework.org/schema/context/spring-context.xsd=org/springframework/context/config/spring-context-4.2.xsd, http://www.springframework.org/schema/tx/spring-tx-4.2.xsd=org/springframework/transaction/config/spring-tx-4.2.xsd, http://www.springframework.org/schema/cache/spring-cache-4.1.xsd=org/springframework/cache/config/spring-cache-4.1.xsd, http://www.springframework.org/schema/aop/spring-aop-4.0.xsd=org/springframework/aop/config/spring-aop-4.0.xsd, http://www.springframework.org/schema/jee/spring-jee-3.2.xsd=org/springframework/ejb/config/spring-jee-3.2.xsd, http://www.springframework.org/schema/context/spring-context-3.0.xsd=org/springframework/context/config/spring-context-3.0.xsd, http://www.springframework.org/schema/jdbc/spring-jdbc-4.0.xsd=org/springframework/jdbc/config/spring-jdbc-4.0.xsd, http://www.springframework.org/schema/util/spring-util-2.5.xsd=org/springframework/beans/factory/xml/spring-util-2.5.xsd, http://www.springframework.org/schema/beans/spring-beans-3.2.xsd=org/springframework/beans/factory/xml/spring-beans-3.2.xsd, http://www.springframework.org/schema/aop/spring-aop-3.1.xsd=org/springframework/aop/config/spring-aop-3.1.xsd, http://www.springframework.org/schema/lang/spring-lang-4.0.xsd=org/springframework/scripting/config/spring-lang-4.0.xsd, http://www.springframework.org/schema/beans/spring-beans-4.1.xsd=org/springframework/beans/factory/xml/spring-beans-4.1.xsd, http://www.springframework.org/schema/tool/spring-tool-4.0.xsd=org/springframework/beans/factory/xml/spring-tool-4.0.xsd, http://www.springframework.org/schema/tx/spring-tx-3.2.xsd=org/springframework/transaction/config/spring-tx-3.2.xsd, http://www.springframework.org/schema/lang/spring-lang-3.1.xsd=org/springframework/scripting/config/spring-lang-3.1.xsd, http://www.springframework.org/schema/cache/spring-cache-3.1.xsd=org/springframework/cache/config/spring-cache-3.1.xsd, http://www.springframework.org/schema/jee/spring-jee-4.0.xsd=org/springframework/ejb/config/spring-jee-4.0.xsd, http://www.springframework.org/schema/jdbc/spring-jdbc-3.0.xsd=org/springframework/jdbc/config/spring-jdbc-3.0.xsd, http://www.springframework.org/schema/task/spring-task-4.1.xsd=org/springframework/scheduling/config/spring-task-4.1.xsd, http://www.springframework.org/schema/jdbc/spring-jdbc.xsd=org/springframework/jdbc/config/spring-jdbc-4.2.xsd, http://www.springframework.org/schema/tool/spring-tool-3.1.xsd=org/springframework/beans/factory/xml/spring-tool-3.1.xsd, http://www.springframework.org/schema/tx/spring-tx-4.1.xsd=org/springframework/transaction/config/spring-tx-4.1.xsd, http://www.springframework.org/schema/cache/spring-cache-4.0.xsd=org/springframework/cache/config/spring-cache-4.0.xsd, http://code.alibabatech.com/schema/dubbo/dubbo.xsd=META-INF/dubbo.xsd, http://www.springframework.org/schema/jee/spring-jee-3.1.xsd=org/springframework/ejb/config/spring-jee-3.1.xsd, http://www.springframework.org/schema/task/spring-task-3.2.xsd=org/springframework/scheduling/config/spring-task-3.2.xsd, http://www.springframework.org/schema/util/spring-util-4.2.xsd=org/springframework/beans/factory/xml/spring-util-4.2.xsd, http://www.springframework.org/schema/beans/spring-beans-3.1.xsd=org/springframework/beans/factory/xml/spring-beans-3.1.xsd, http://www.springframework.org/schema/util/spring-util.xsd=org/springframework/beans/factory/xml/spring-util-4.2.xsd, http://www.springframework.org/schema/aop/spring-aop-3.0.xsd=org/springframework/aop/config/spring-aop-3.0.xsd, http://www.springframework.org/schema/beans/spring-beans-4.0.xsd=org/springframework/beans/factory/xml/spring-beans-4.0.xsd, http://www.springframework.org/schema/beans/spring-beans.xsd=org/springframework/beans/factory/xml/spring-beans-4.2.xsd, http://www.springframework.org/schema/tx/spring-tx-3.1.xsd=org/springframework/transaction/config/spring-tx-3.1.xsd, http://www.springframework.org/schema/lang/spring-lang-3.0.xsd=org/springframework/scripting/config/spring-lang-3.0.xsd, http://www.springframework.org/schema/context/spring-context-2.5.xsd=org/springframework/context/config/spring-context-2.5.xsd, http://www.springframework.org/schema/task/spring-task-4.0.xsd=org/springframework/scheduling/config/spring-task-4.0.xsd, http://www.springframework.org/schema/tool/spring-tool-3.0.xsd=org/springframework/beans/factory/xml/spring-tool-3.0.xsd, http://www.springframework.org/schema/tx/spring-tx-4.0.xsd=org/springframework/transaction/config/spring-tx-4.0.xsd, http://www.springframework.org/schema/aop/spring-aop-2.0.xsd=org/springframework/aop/config/spring-aop-2.0.xsd, http://www.springframework.org/schema/jee/spring-jee-3.0.xsd=org/springframework/ejb/config/spring-jee-3.0.xsd, http://www.springframework.org/schema/util/spring-util-4.1.xsd=org/springframework/beans/factory/xml/spring-util-4.1.xsd, http://www.springframework.org/schema/task/spring-task-3.1.xsd=org/springframework/scheduling/config/spring-task-3.1.xsd, http://www.springframework.org/schema/beans/spring-beans-3.0.xsd=org/springframework/beans/factory/xml/spring-beans-3.0.xsd, http://www.springframework.org/schema/jee/spring-jee.xsd=org/springframework/ejb/config/spring-jee-4.2.xsd, http://www.springframework.org/schema/aop/spring-aop-2.5.xsd=org/springframework/aop/config/spring-aop-2.5.xsd, http://www.springframework.org/schema/lang/spring-lang-2.0.xsd=org/springframework/scripting/config/spring-lang-2.0.xsd, http://www.springframework.org/schema/util/spring-util-3.2.xsd=org/springframework/beans/factory/xml/spring-util-3.2.xsd, http://www.springframework.org/schema/task/spring-task.xsd=org/springframework/scheduling/config/spring-task-4.2.xsd, http://www.springframework.org/schema/tool/spring-tool-2.0.xsd=org/springframework/beans/factory/xml/spring-tool-2.0.xsd, http://www.springframework.org/schema/tx/spring-tx-3.0.xsd=org/springframework/transaction/config/spring-tx-3.0.xsd, http://www.springframework.org/schema/lang/spring-lang-2.5.xsd=org/springframework/scripting/config/spring-lang-2.5.xsd, http://www.springframework.org/schema/context/spring-context-4.2.xsd=org/springframework/context/config/spring-context-4.2.xsd, http://www.springframework.org/schema/jee/spring-jee-2.0.xsd=org/springframework/ejb/config/spring-jee-2.0.xsd, http://www.springframework.org/schema/tool/spring-tool-2.5.xsd=org/springframework/beans/factory/xml/spring-tool-2.5.xsd, http://www.springframework.org/schema/jee/spring-jee-2.5.xsd=org/springframework/ejb/config/spring-jee-2.5.xsd, http://www.springframework.org/schema/util/spring-util-4.0.xsd=org/springframework/beans/factory/xml/spring-util-4.0.xsd, http://www.springframework.org/schema/task/spring-task-3.0.xsd=org/springframework/scheduling/config/spring-task-3.0.xsd, http://www.springframework.org/schema/aop/spring-aop-4.2.xsd=org/springframework/aop/config/spring-aop-4.2.xsd, http://www.springframework.org/schema/lang/spring-lang.xsd=org/springframework/scripting/config/spring-lang-4.2.xsd, http://www.springframework.org/schema/context/spring-context-3.2.xsd=org/springframework/context/config/spring-context-3.2.xsd, http://www.springframework.org/schema/jdbc/spring-jdbc-4.2.xsd=org/springframework/jdbc/config/spring-jdbc-4.2.xsd, http://www.springframework.org/schema/util/spring-util-3.1.xsd=org/springframework/beans/factory/xml/spring-util-3.1.xsd, http://www.springframework.org/schema/beans/spring-beans-2.0.xsd=org/springframework/beans/factory/xml/spring-beans-2.0.xsd, http://www.springframework.org/schema/cache/spring-cache.xsd=org/springframework/cache/config/spring-cache-4.2.xsd, http://www.springframework.org/schema/tx/spring-tx.xsd=org/springframework/transaction/config/spring-tx-4.2.xsd, http://www.springframework.org/schema/lang/spring-lang-4.2.xsd=org/springframework/scripting/config/spring-lang-4.2.xsd, http://www.springframework.org/schema/context/spring-context-4.1.xsd=org/springframework/context/config/spring-context-4.1.xsd, http://www.springframework.org/schema/beans/spring-beans-2.5.xsd=org/springframework/beans/factory/xml/spring-beans-2.5.xsd, http://www.springframework.org/schema/tool/spring-tool-4.2.xsd=org/springframework/beans/factory/xml/spring-tool-4.2.xsd, http://www.springframework.org/schema/tx/spring-tx-2.0.xsd=org/springframework/transaction/config/spring-tx-2.0.xsd, http://www.springframework.org/schema/jee/spring-jee-4.2.xsd=org/springframework/ejb/config/spring-jee-4.2.xsd, http://www.springframework.org/schema/jdbc/spring-jdbc-3.2.xsd=org/springframework/jdbc/config/spring-jdbc-3.2.xsd, http://www.springframework.org/schema/aop/spring-aop.xsd=org/springframework/aop/config/spring-aop-4.2.xsd}
2017-10-24 14:22:37  [ main:1876 ] - [ DEBUG ]  Found XML schema [http://www.springframework.org/schema/beans/spring-beans.xsd] in classpath: org/springframework/beans/factory/xml/spring-beans-4.2.xsd
2017-10-24 14:22:37  [ main:2012 ] - [ DEBUG ]  Found XML schema [http://code.alibabatech.com/schema/dubbo/dubbo.xsd] in classpath: META-INF/dubbo.xsd
2017-10-24 14:22:37  [ main:2059 ] - [ DEBUG ]  Loading bean definitions
2017-10-24 14:22:38  [ main:2311 ] - [ DEBUG ]  Loaded NamespaceHandler mappings: {http://www.springframework.org/schema/p=org.springframework.beans.factory.xml.SimplePropertyNamespaceHandler, http://www.springframework.org/schema/util=org.springframework.beans.factory.xml.UtilNamespaceHandler, http://code.alibabatech.com/schema/dubbo=com.alibaba.dubbo.config.spring.schema.DubboNamespaceHandler, http://www.springframework.org/schema/jee=org.springframework.ejb.config.JeeNamespaceHandler, http://www.springframework.org/schema/aop=org.springframework.aop.config.AopNamespaceHandler, http://www.springframework.org/schema/jdbc=org.springframework.jdbc.config.JdbcNamespaceHandler, http://www.springframework.org/schema/cache=org.springframework.cache.config.CacheNamespaceHandler, http://www.springframework.org/schema/c=org.springframework.beans.factory.xml.SimpleConstructorNamespaceHandler, http://www.springframework.org/schema/tx=org.springframework.transaction.config.TxNamespaceHandler, http://www.springframework.org/schema/task=org.springframework.scheduling.config.TaskNamespaceHandler, http://www.springframework.org/schema/lang=org.springframework.scripting.config.LangNamespaceHandler, http://www.springframework.org/schema/context=org.springframework.context.config.ContextNamespaceHandler}
2017-10-24 14:22:38  [ main:2319 ] - [ INFO ]  using logger: com.alibaba.dubbo.common.logger.log4j.Log4jLoggerAdapter
2017-10-24 14:22:38  [ main:3040 ] - [ DEBUG ]  Loaded 5 bean definitions from location pattern [config/dubbo.xml]
2017-10-24 14:22:38  [ main:3041 ] - [ DEBUG ]  Bean factory for org.springframework.context.support.FileSystemXmlApplicationContext@59fc684e: org.springframework.beans.factory.support.DefaultListableBeanFactory@1dcca8d3: defining beans [CenterServer,com.alibaba.dubbo.config.RegistryConfig,accountService,roomService,daoService]; root of factory hierarchy
2017-10-24 14:22:38  [ main:3086 ] - [ DEBUG ]  Unable to locate MessageSource with name 'messageSource': using default [org.springframework.context.support.DelegatingMessageSource@2d746ce4]
2017-10-24 14:22:38  [ main:3089 ] - [ DEBUG ]  Unable to locate ApplicationEventMulticaster with name 'applicationEventMulticaster': using default [org.springframework.context.event.SimpleApplicationEventMulticaster@746cd757]
2017-10-24 14:22:38  [ main:3090 ] - [ DEBUG ]  Pre-instantiating singletons in org.springframework.beans.factory.support.DefaultListableBeanFactory@1dcca8d3: defining beans [CenterServer,com.alibaba.dubbo.config.RegistryConfig,accountService,roomService,daoService]; root of factory hierarchy
2017-10-24 14:22:38  [ main:3091 ] - [ DEBUG ]  Creating shared instance of singleton bean 'CenterServer'
2017-10-24 14:22:38  [ main:3091 ] - [ DEBUG ]  Creating instance of bean 'CenterServer'
2017-10-24 14:22:39  [ main:3114 ] - [ DEBUG ]  Eagerly caching bean 'CenterServer' to allow for resolving potential circular references
2017-10-24 14:22:39  [ main:3338 ] - [ DEBUG ]  Finished creating instance of bean 'CenterServer'
2017-10-24 14:22:39  [ main:3339 ] - [ DEBUG ]  Creating shared instance of singleton bean 'com.alibaba.dubbo.config.RegistryConfig'
2017-10-24 14:22:39  [ main:3339 ] - [ DEBUG ]  Creating instance of bean 'com.alibaba.dubbo.config.RegistryConfig'
2017-10-24 14:22:39  [ main:3339 ] - [ DEBUG ]  Eagerly caching bean 'com.alibaba.dubbo.config.RegistryConfig' to allow for resolving potential circular references
2017-10-24 14:22:39  [ main:3349 ] - [ DEBUG ]  Finished creating instance of bean 'com.alibaba.dubbo.config.RegistryConfig'
2017-10-24 14:22:39  [ main:3350 ] - [ DEBUG ]  Creating shared instance of singleton bean 'accountService'
2017-10-24 14:22:39  [ main:3350 ] - [ DEBUG ]  Creating instance of bean 'accountService'
2017-10-24 14:22:40  [ main:4390 ] - [ DEBUG ]   [DUBBO] package com.alibaba.dubbo.rpc;
import com.alibaba.dubbo.common.extension.ExtensionLoader;
public class Protocol$Adpative implements com.alibaba.dubbo.rpc.Protocol {
public void destroy() {throw new UnsupportedOperationException("method public abstract void com.alibaba.dubbo.rpc.Protocol.destroy() of interface com.alibaba.dubbo.rpc.Protocol is not adaptive method!");
}
public int getDefaultPort() {throw new UnsupportedOperationException("method public abstract int com.alibaba.dubbo.rpc.Protocol.getDefaultPort() of interface com.alibaba.dubbo.rpc.Protocol is not adaptive method!");
}
public com.alibaba.dubbo.rpc.Exporter export(com.alibaba.dubbo.rpc.Invoker arg0) throws com.alibaba.dubbo.rpc.Invoker {
if (arg0 == null) throw new IllegalArgumentException("com.alibaba.dubbo.rpc.Invoker argument == null");
if (arg0.getUrl() == null) throw new IllegalArgumentException("com.alibaba.dubbo.rpc.Invoker argument getUrl() == null");com.alibaba.dubbo.common.URL url = arg0.getUrl();
String extName = ( url.getProtocol() == null ? "dubbo" : url.getProtocol() );
if(extName == null) throw new IllegalStateException("Fail to get extension(com.alibaba.dubbo.rpc.Protocol) name from url(" + url.toString() + ") use keys([protocol])");
com.alibaba.dubbo.rpc.Protocol extension = (com.alibaba.dubbo.rpc.Protocol)ExtensionLoader.getExtensionLoader(com.alibaba.dubbo.rpc.Protocol.class).getExtension(extName);
return extension.export(arg0);
}
public com.alibaba.dubbo.rpc.Invoker refer(java.lang.Class arg0, com.alibaba.dubbo.common.URL arg1) throws java.lang.Class {
if (arg1 == null) throw new IllegalArgumentException("url == null");
com.alibaba.dubbo.common.URL url = arg1;
String extName = ( url.getProtocol() == null ? "dubbo" : url.getProtocol() );
if(extName == null) throw new IllegalStateException("Fail to get extension(com.alibaba.dubbo.rpc.Protocol) name from url(" + url.toString() + ") use keys([protocol])");
com.alibaba.dubbo.rpc.Protocol extension = (com.alibaba.dubbo.rpc.Protocol)ExtensionLoader.getExtensionLoader(com.alibaba.dubbo.rpc.Protocol.class).getExtension(extName);
return extension.refer(arg0, arg1);
}
}, dubbo version: 2.0.0, current host: 127.0.0.1
2017-10-24 14:22:43  [ main:7758 ] - [ DEBUG ]   [DUBBO] package com.alibaba.dubbo.rpc.cluster;
import com.alibaba.dubbo.common.extension.ExtensionLoader;
public class Cluster$Adpative implements com.alibaba.dubbo.rpc.cluster.Cluster {
public com.alibaba.dubbo.rpc.Invoker join(com.alibaba.dubbo.rpc.cluster.Directory arg0) throws com.alibaba.dubbo.rpc.cluster.Directory {
if (arg0 == null) throw new IllegalArgumentException("com.alibaba.dubbo.rpc.cluster.Directory argument == null");
if (arg0.getUrl() == null) throw new IllegalArgumentException("com.alibaba.dubbo.rpc.cluster.Directory argument getUrl() == null");com.alibaba.dubbo.common.URL url = arg0.getUrl();
String extName = url.getParameter("cluster", "failover");
if(extName == null) throw new IllegalStateException("Fail to get extension(com.alibaba.dubbo.rpc.cluster.Cluster) name from url(" + url.toString() + ") use keys([cluster])");
com.alibaba.dubbo.rpc.cluster.Cluster extension = (com.alibaba.dubbo.rpc.cluster.Cluster)ExtensionLoader.getExtensionLoader(com.alibaba.dubbo.rpc.cluster.Cluster.class).getExtension(extName);
return extension.join(arg0);
}
}, dubbo version: 2.0.0, current host: 127.0.0.1
2017-10-24 14:22:45  [ main:10040 ] - [ DEBUG ]   [DUBBO] package com.alibaba.dubbo.rpc;
import com.alibaba.dubbo.common.extension.ExtensionLoader;
public class ProxyFactory$Adpative implements com.alibaba.dubbo.rpc.ProxyFactory {
public com.alibaba.dubbo.rpc.Invoker getInvoker(java.lang.Object arg0, java.lang.Class arg1, com.alibaba.dubbo.common.URL arg2) throws java.lang.Object {
if (arg2 == null) throw new IllegalArgumentException("url == null");
com.alibaba.dubbo.common.URL url = arg2;
String extName = url.getParameter("proxy", "javassist");
if(extName == null) throw new IllegalStateException("Fail to get extension(com.alibaba.dubbo.rpc.ProxyFactory) name from url(" + url.toString() + ") use keys([proxy])");
com.alibaba.dubbo.rpc.ProxyFactory extension = (com.alibaba.dubbo.rpc.ProxyFactory)ExtensionLoader.getExtensionLoader(com.alibaba.dubbo.rpc.ProxyFactory.class).getExtension(extName);
return extension.getInvoker(arg0, arg1, arg2);
}
public java.lang.Object getProxy(com.alibaba.dubbo.rpc.Invoker arg0) throws com.alibaba.dubbo.rpc.Invoker {
if (arg0 == null) throw new IllegalArgumentException("com.alibaba.dubbo.rpc.Invoker argument == null");
if (arg0.getUrl() == null) throw new IllegalArgumentException("com.alibaba.dubbo.rpc.Invoker argument getUrl() == null");com.alibaba.dubbo.common.URL url = arg0.getUrl();
String extName = url.getParameter("proxy", "javassist");
if(extName == null) throw new IllegalStateException("Fail to get extension(com.alibaba.dubbo.rpc.ProxyFactory) name from url(" + url.toString() + ") use keys([proxy])");
com.alibaba.dubbo.rpc.ProxyFactory extension = (com.alibaba.dubbo.rpc.ProxyFactory)ExtensionLoader.getExtensionLoader(com.alibaba.dubbo.rpc.ProxyFactory.class).getExtension(extName);
return extension.getProxy(arg0);
}
}, dubbo version: 2.0.0, current host: 127.0.0.1
2017-10-24 14:22:47  [ main:11753 ] - [ DEBUG ]  Eagerly caching bean 'accountService' to allow for resolving potential circular references
2017-10-24 14:22:47  [ main:11794 ] - [ DEBUG ]  Invoking afterPropertiesSet() on bean with name 'accountService'
2017-10-24 14:22:47  [ main:11795 ] - [ DEBUG ]  Returning cached instance of singleton bean 'CenterServer'
2017-10-24 14:22:47  [ main:11796 ] - [ DEBUG ]  Returning cached instance of singleton bean 'com.alibaba.dubbo.config.RegistryConfig'
2017-10-24 14:22:47  [ main:11797 ] - [ DEBUG ]  Finished creating instance of bean 'accountService'
2017-10-24 14:22:47  [ main:11797 ] - [ DEBUG ]  Creating shared instance of singleton bean 'roomService'
2017-10-24 14:22:47  [ main:11798 ] - [ DEBUG ]  Creating instance of bean 'roomService'
2017-10-24 14:22:47  [ main:11798 ] - [ DEBUG ]  Eagerly caching bean 'roomService' to allow for resolving potential circular references
2017-10-24 14:22:47  [ main:11799 ] - [ DEBUG ]  Invoking afterPropertiesSet() on bean with name 'roomService'
2017-10-24 14:22:47  [ main:11801 ] - [ DEBUG ]  Returning cached instance of singleton bean 'CenterServer'
2017-10-24 14:22:47  [ main:11802 ] - [ DEBUG ]  Returning cached instance of singleton bean 'com.alibaba.dubbo.config.RegistryConfig'
2017-10-24 14:22:47  [ main:11802 ] - [ DEBUG ]  Finished creating instance of bean 'roomService'
2017-10-24 14:22:47  [ main:11803 ] - [ DEBUG ]  Creating shared instance of singleton bean 'daoService'
2017-10-24 14:22:47  [ main:11803 ] - [ DEBUG ]  Creating instance of bean 'daoService'
2017-10-24 14:22:47  [ main:11803 ] - [ DEBUG ]  Eagerly caching bean 'daoService' to allow for resolving potential circular references
2017-10-24 14:22:47  [ main:11804 ] - [ DEBUG ]  Invoking afterPropertiesSet() on bean with name 'daoService'
2017-10-24 14:22:47  [ main:11805 ] - [ DEBUG ]  Returning cached instance of singleton bean 'CenterServer'
2017-10-24 14:22:47  [ main:11806 ] - [ DEBUG ]  Returning cached instance of singleton bean 'com.alibaba.dubbo.config.RegistryConfig'
2017-10-24 14:22:47  [ main:11806 ] - [ DEBUG ]  Finished creating instance of bean 'daoService'
2017-10-24 14:22:47  [ main:11810 ] - [ DEBUG ]  Unable to locate LifecycleProcessor with name 'lifecycleProcessor': using default [org.springframework.context.support.DefaultLifecycleProcessor@29c53c4f]
2017-10-24 14:22:47  [ main:11811 ] - [ DEBUG ]  Returning cached instance of singleton bean 'lifecycleProcessor'
2017-10-24 14:22:47  [ main:11815 ] - [ DEBUG ]  Searching for key 'spring.liveBeansView.mbeanDomain' in [systemProperties]
2017-10-24 14:22:47  [ main:11815 ] - [ DEBUG ]  Searching for key 'spring.liveBeansView.mbeanDomain' in [systemEnvironment]
2017-10-24 14:22:47  [ main:11815 ] - [ DEBUG ]  Could not find key 'spring.liveBeansView.mbeanDomain' in any property source. Returning [null]
2017-10-24 14:22:47  [ main:11818 ] - [ DEBUG ]  Returning cached instance of singleton bean 'lifecycleProcessor'
2017-10-24 14:24:08  [ Timer-0:92277 ] - [ WARN ]  服务器:18,host:192.168.1.125,port:9090超过60s无响应
2017-10-24 14:24:38  [ Timer-0:122280 ] - [ WARN ]  服务器:18,host:192.168.1.125,port:9090超过90s无响应
2017-10-24 14:25:08  [ Timer-0:152277 ] - [ WARN ]  服务器:18,host:192.168.1.125,port:9090超过120s无响应
2017-10-24 14:25:08  [ Timer-0:152278 ] - [ WARN ]  服务器:18,host:192.168.1.125,port:9090超过120s无响应,从服务器列表中移除
2017-10-24 14:33:46  [ main:0 ] - [ INFO ]  注册 HttpService:/api/server/getroomserver
2017-10-24 14:33:46  [ main:10 ] - [ INFO ]  注册 HttpService:/api/sign
2017-10-24 14:33:46  [ main:11 ] - [ INFO ]  注册 HttpService:/api/server/reg
2017-10-24 14:33:46  [ main:11 ] - [ INFO ]  注册 HttpService:/api/review/list
2017-10-24 14:33:46  [ main:11 ] - [ INFO ]  注册 HttpService:/api/room
2017-10-24 14:33:46  [ main:11 ] - [ INFO ]  注册 HttpService:/api/history
2017-10-24 14:33:46  [ main:12 ] - [ INFO ]  注册 HttpService:/api/server/syn
2017-10-24 14:33:46  [ main:12 ] - [ INFO ]  注册 HttpService:/admin/server
2017-10-24 14:33:46  [ main:13 ] - [ INFO ]  注册 HttpService:/api/record/upload
2017-10-24 14:33:47  [ main:1350 ] - [ DEBUG ]  Adding [systemProperties] PropertySource with lowest search precedence
2017-10-24 14:33:47  [ main:1590 ] - [ DEBUG ]  Adding [systemEnvironment] PropertySource with lowest search precedence
2017-10-24 14:33:47  [ main:1591 ] - [ DEBUG ]  Initialized StandardEnvironment with PropertySources [systemProperties,systemEnvironment]
2017-10-24 14:33:47  [ main:1596 ] - [ INFO ]  Refreshing org.springframework.context.support.FileSystemXmlApplicationContext@59fc684e: startup date [Tue Oct 24 14:33:47 CST 2017]; root of context hierarchy
2017-10-24 14:33:47  [ main:1655 ] - [ DEBUG ]  Adding [systemProperties] PropertySource with lowest search precedence
2017-10-24 14:33:47  [ main:1655 ] - [ DEBUG ]  Adding [systemEnvironment] PropertySource with lowest search precedence
2017-10-24 14:33:47  [ main:1656 ] - [ DEBUG ]  Initialized StandardEnvironment with PropertySources [systemProperties,systemEnvironment]
2017-10-24 14:33:47  [ main:1673 ] - [ INFO ]  Loading XML bean definitions from file [/Users/yangyang/Desktop/Majiang/majiang-server/CenterServer/config/dubbo.xml]
2017-10-24 14:33:48  [ main:1885 ] - [ DEBUG ]  Using JAXP provider [com.sun.org.apache.xerces.internal.jaxp.DocumentBuilderFactoryImpl]
2017-10-24 14:33:48  [ main:1917 ] - [ DEBUG ]  Loading schema mappings from [META-INF/spring.schemas]
2017-10-24 14:33:48  [ main:2255 ] - [ DEBUG ]  Loaded schema mappings: {http://www.springframework.org/schema/tx/spring-tx-2.5.xsd=org/springframework/transaction/config/spring-tx-2.5.xsd, http://www.springframework.org/schema/cache/spring-cache-4.2.xsd=org/springframework/cache/config/spring-cache-4.2.xsd, http://www.springframework.org/schema/aop/spring-aop-4.1.xsd=org/springframework/aop/config/spring-aop-4.1.xsd, http://www.springframework.org/schema/context/spring-context-3.1.xsd=org/springframework/context/config/spring-context-3.1.xsd, http://www.springframework.org/schema/jdbc/spring-jdbc-4.1.xsd=org/springframework/jdbc/config/spring-jdbc-4.1.xsd, http://www.springframework.org/schema/util/spring-util-3.0.xsd=org/springframework/beans/factory/xml/spring-util-3.0.xsd, http://www.springframework.org/schema/tool/spring-tool.xsd=org/springframework/beans/factory/xml/spring-tool-4.2.xsd, http://www.springframework.org/schema/aop/spring-aop-3.2.xsd=org/springframework/aop/config/spring-aop-3.2.xsd, http://www.springframework.org/schema/lang/spring-lang-4.1.xsd=org/springframework/scripting/config/spring-lang-4.1.xsd, http://www.springframework.org/schema/context/spring-context-4.0.xsd=org/springframework/context/config/spring-context-4.0.xsd, http://www.springframework.org/schema/beans/spring-beans-4.2.xsd=org/springframework/beans/factory/xml/spring-beans-4.2.xsd, http://www.springframework.org/schema/tool/spring-tool-4.1.xsd=org/springframework/beans/factory/xml/spring-tool-4.1.xsd, http://www.springframework.org/schema/lang/spring-lang-3.2.xsd=org/springframework/scripting/config/spring-lang-3.2.xsd, http://www.springframework.org/schema/cache/spring-cache-3.2.xsd=org/springframework/cache/config/spring-cache-3.2.xsd, http://www.springframework.org/schema/jee/spring-jee-4.1.xsd=org/springframework/ejb/config/spring-jee-4.1.xsd, http://www.springframework.org/schema/jdbc/spring-jdbc-3.1.xsd=org/springframework/jdbc/config/spring-jdbc-3.1.xsd, http://www.springframework.org/schema/util/spring-util-2.0.xsd=org/springframework/beans/factory/xml/spring-util-2.0.xsd, http://www.springframework.org/schema/task/spring-task-4.2.xsd=org/springframework/scheduling/config/spring-task-4.2.xsd, http://www.springframework.org/schema/tool/spring-tool-3.2.xsd=org/springframework/beans/factory/xml/spring-tool-3.2.xsd, http://www.springframework.org/schema/context/spring-context.xsd=org/springframework/context/config/spring-context-4.2.xsd, http://www.springframework.org/schema/tx/spring-tx-4.2.xsd=org/springframework/transaction/config/spring-tx-4.2.xsd, http://www.springframework.org/schema/cache/spring-cache-4.1.xsd=org/springframework/cache/config/spring-cache-4.1.xsd, http://www.springframework.org/schema/aop/spring-aop-4.0.xsd=org/springframework/aop/config/spring-aop-4.0.xsd, http://www.springframework.org/schema/jee/spring-jee-3.2.xsd=org/springframework/ejb/config/spring-jee-3.2.xsd, http://www.springframework.org/schema/context/spring-context-3.0.xsd=org/springframework/context/config/spring-context-3.0.xsd, http://www.springframework.org/schema/jdbc/spring-jdbc-4.0.xsd=org/springframework/jdbc/config/spring-jdbc-4.0.xsd, http://www.springframework.org/schema/util/spring-util-2.5.xsd=org/springframework/beans/factory/xml/spring-util-2.5.xsd, http://www.springframework.org/schema/beans/spring-beans-3.2.xsd=org/springframework/beans/factory/xml/spring-beans-3.2.xsd, http://www.springframework.org/schema/aop/spring-aop-3.1.xsd=org/springframework/aop/config/spring-aop-3.1.xsd, http://www.springframework.org/schema/lang/spring-lang-4.0.xsd=org/springframework/scripting/config/spring-lang-4.0.xsd, http://www.springframework.org/schema/beans/spring-beans-4.1.xsd=org/springframework/beans/factory/xml/spring-beans-4.1.xsd, http://www.springframework.org/schema/tool/spring-tool-4.0.xsd=org/springframework/beans/factory/xml/spring-tool-4.0.xsd, http://www.springframework.org/schema/tx/spring-tx-3.2.xsd=org/springframework/transaction/config/spring-tx-3.2.xsd, http://www.springframework.org/schema/lang/spring-lang-3.1.xsd=org/springframework/scripting/config/spring-lang-3.1.xsd, http://www.springframework.org/schema/cache/spring-cache-3.1.xsd=org/springframework/cache/config/spring-cache-3.1.xsd, http://www.springframework.org/schema/jee/spring-jee-4.0.xsd=org/springframework/ejb/config/spring-jee-4.0.xsd, http://www.springframework.org/schema/jdbc/spring-jdbc-3.0.xsd=org/springframework/jdbc/config/spring-jdbc-3.0.xsd, http://www.springframework.org/schema/task/spring-task-4.1.xsd=org/springframework/scheduling/config/spring-task-4.1.xsd, http://www.springframework.org/schema/jdbc/spring-jdbc.xsd=org/springframework/jdbc/config/spring-jdbc-4.2.xsd, http://www.springframework.org/schema/tool/spring-tool-3.1.xsd=org/springframework/beans/factory/xml/spring-tool-3.1.xsd, http://www.springframework.org/schema/tx/spring-tx-4.1.xsd=org/springframework/transaction/config/spring-tx-4.1.xsd, http://www.springframework.org/schema/cache/spring-cache-4.0.xsd=org/springframework/cache/config/spring-cache-4.0.xsd, http://code.alibabatech.com/schema/dubbo/dubbo.xsd=META-INF/dubbo.xsd, http://www.springframework.org/schema/jee/spring-jee-3.1.xsd=org/springframework/ejb/config/spring-jee-3.1.xsd, http://www.springframework.org/schema/task/spring-task-3.2.xsd=org/springframework/scheduling/config/spring-task-3.2.xsd, http://www.springframework.org/schema/util/spring-util-4.2.xsd=org/springframework/beans/factory/xml/spring-util-4.2.xsd, http://www.springframework.org/schema/beans/spring-beans-3.1.xsd=org/springframework/beans/factory/xml/spring-beans-3.1.xsd, http://www.springframework.org/schema/util/spring-util.xsd=org/springframework/beans/factory/xml/spring-util-4.2.xsd, http://www.springframework.org/schema/aop/spring-aop-3.0.xsd=org/springframework/aop/config/spring-aop-3.0.xsd, http://www.springframework.org/schema/beans/spring-beans-4.0.xsd=org/springframework/beans/factory/xml/spring-beans-4.0.xsd, http://www.springframework.org/schema/beans/spring-beans.xsd=org/springframework/beans/factory/xml/spring-beans-4.2.xsd, http://www.springframework.org/schema/tx/spring-tx-3.1.xsd=org/springframework/transaction/config/spring-tx-3.1.xsd, http://www.springframework.org/schema/lang/spring-lang-3.0.xsd=org/springframework/scripting/config/spring-lang-3.0.xsd, http://www.springframework.org/schema/context/spring-context-2.5.xsd=org/springframework/context/config/spring-context-2.5.xsd, http://www.springframework.org/schema/task/spring-task-4.0.xsd=org/springframework/scheduling/config/spring-task-4.0.xsd, http://www.springframework.org/schema/tool/spring-tool-3.0.xsd=org/springframework/beans/factory/xml/spring-tool-3.0.xsd, http://www.springframework.org/schema/tx/spring-tx-4.0.xsd=org/springframework/transaction/config/spring-tx-4.0.xsd, http://www.springframework.org/schema/aop/spring-aop-2.0.xsd=org/springframework/aop/config/spring-aop-2.0.xsd, http://www.springframework.org/schema/jee/spring-jee-3.0.xsd=org/springframework/ejb/config/spring-jee-3.0.xsd, http://www.springframework.org/schema/util/spring-util-4.1.xsd=org/springframework/beans/factory/xml/spring-util-4.1.xsd, http://www.springframework.org/schema/task/spring-task-3.1.xsd=org/springframework/scheduling/config/spring-task-3.1.xsd, http://www.springframework.org/schema/beans/spring-beans-3.0.xsd=org/springframework/beans/factory/xml/spring-beans-3.0.xsd, http://www.springframework.org/schema/jee/spring-jee.xsd=org/springframework/ejb/config/spring-jee-4.2.xsd, http://www.springframework.org/schema/aop/spring-aop-2.5.xsd=org/springframework/aop/config/spring-aop-2.5.xsd, http://www.springframework.org/schema/lang/spring-lang-2.0.xsd=org/springframework/scripting/config/spring-lang-2.0.xsd, http://www.springframework.org/schema/util/spring-util-3.2.xsd=org/springframework/beans/factory/xml/spring-util-3.2.xsd, http://www.springframework.org/schema/task/spring-task.xsd=org/springframework/scheduling/config/spring-task-4.2.xsd, http://www.springframework.org/schema/tool/spring-tool-2.0.xsd=org/springframework/beans/factory/xml/spring-tool-2.0.xsd, http://www.springframework.org/schema/tx/spring-tx-3.0.xsd=org/springframework/transaction/config/spring-tx-3.0.xsd, http://www.springframework.org/schema/lang/spring-lang-2.5.xsd=org/springframework/scripting/config/spring-lang-2.5.xsd, http://www.springframework.org/schema/context/spring-context-4.2.xsd=org/springframework/context/config/spring-context-4.2.xsd, http://www.springframework.org/schema/jee/spring-jee-2.0.xsd=org/springframework/ejb/config/spring-jee-2.0.xsd, http://www.springframework.org/schema/tool/spring-tool-2.5.xsd=org/springframework/beans/factory/xml/spring-tool-2.5.xsd, http://www.springframework.org/schema/jee/spring-jee-2.5.xsd=org/springframework/ejb/config/spring-jee-2.5.xsd, http://www.springframework.org/schema/util/spring-util-4.0.xsd=org/springframework/beans/factory/xml/spring-util-4.0.xsd, http://www.springframework.org/schema/task/spring-task-3.0.xsd=org/springframework/scheduling/config/spring-task-3.0.xsd, http://www.springframework.org/schema/aop/spring-aop-4.2.xsd=org/springframework/aop/config/spring-aop-4.2.xsd, http://www.springframework.org/schema/lang/spring-lang.xsd=org/springframework/scripting/config/spring-lang-4.2.xsd, http://www.springframework.org/schema/context/spring-context-3.2.xsd=org/springframework/context/config/spring-context-3.2.xsd, http://www.springframework.org/schema/jdbc/spring-jdbc-4.2.xsd=org/springframework/jdbc/config/spring-jdbc-4.2.xsd, http://www.springframework.org/schema/util/spring-util-3.1.xsd=org/springframework/beans/factory/xml/spring-util-3.1.xsd, http://www.springframework.org/schema/beans/spring-beans-2.0.xsd=org/springframework/beans/factory/xml/spring-beans-2.0.xsd, http://www.springframework.org/schema/cache/spring-cache.xsd=org/springframework/cache/config/spring-cache-4.2.xsd, http://www.springframework.org/schema/tx/spring-tx.xsd=org/springframework/transaction/config/spring-tx-4.2.xsd, http://www.springframework.org/schema/lang/spring-lang-4.2.xsd=org/springframework/scripting/config/spring-lang-4.2.xsd, http://www.springframework.org/schema/context/spring-context-4.1.xsd=org/springframework/context/config/spring-context-4.1.xsd, http://www.springframework.org/schema/beans/spring-beans-2.5.xsd=org/springframework/beans/factory/xml/spring-beans-2.5.xsd, http://www.springframework.org/schema/tool/spring-tool-4.2.xsd=org/springframework/beans/factory/xml/spring-tool-4.2.xsd, http://www.springframework.org/schema/tx/spring-tx-2.0.xsd=org/springframework/transaction/config/spring-tx-2.0.xsd, http://www.springframework.org/schema/jee/spring-jee-4.2.xsd=org/springframework/ejb/config/spring-jee-4.2.xsd, http://www.springframework.org/schema/jdbc/spring-jdbc-3.2.xsd=org/springframework/jdbc/config/spring-jdbc-3.2.xsd, http://www.springframework.org/schema/aop/spring-aop.xsd=org/springframework/aop/config/spring-aop-4.2.xsd}
2017-10-24 14:33:48  [ main:2458 ] - [ DEBUG ]  Found XML schema [http://www.springframework.org/schema/beans/spring-beans.xsd] in classpath: org/springframework/beans/factory/xml/spring-beans-4.2.xsd
2017-10-24 14:33:48  [ main:2607 ] - [ DEBUG ]  Found XML schema [http://code.alibabatech.com/schema/dubbo/dubbo.xsd] in classpath: META-INF/dubbo.xsd
2017-10-24 14:33:48  [ main:2688 ] - [ DEBUG ]  Loading bean definitions
2017-10-24 14:33:49  [ main:2997 ] - [ DEBUG ]  Loaded NamespaceHandler mappings: {http://www.springframework.org/schema/p=org.springframework.beans.factory.xml.SimplePropertyNamespaceHandler, http://www.springframework.org/schema/util=org.springframework.beans.factory.xml.UtilNamespaceHandler, http://code.alibabatech.com/schema/dubbo=com.alibaba.dubbo.config.spring.schema.DubboNamespaceHandler, http://www.springframework.org/schema/jee=org.springframework.ejb.config.JeeNamespaceHandler, http://www.springframework.org/schema/aop=org.springframework.aop.config.AopNamespaceHandler, http://www.springframework.org/schema/jdbc=org.springframework.jdbc.config.JdbcNamespaceHandler, http://www.springframework.org/schema/cache=org.springframework.cache.config.CacheNamespaceHandler, http://www.springframework.org/schema/c=org.springframework.beans.factory.xml.SimpleConstructorNamespaceHandler, http://www.springframework.org/schema/tx=org.springframework.transaction.config.TxNamespaceHandler, http://www.springframework.org/schema/task=org.springframework.scheduling.config.TaskNamespaceHandler, http://www.springframework.org/schema/lang=org.springframework.scripting.config.LangNamespaceHandler, http://www.springframework.org/schema/context=org.springframework.context.config.ContextNamespaceHandler}
2017-10-24 14:33:49  [ main:3009 ] - [ INFO ]  using logger: com.alibaba.dubbo.common.logger.log4j.Log4jLoggerAdapter
2017-10-24 14:33:50  [ main:4243 ] - [ DEBUG ]  Loaded 5 bean definitions from location pattern [config/dubbo.xml]
2017-10-24 14:33:50  [ main:4244 ] - [ DEBUG ]  Bean factory for org.springframework.context.support.FileSystemXmlApplicationContext@59fc684e: org.springframework.beans.factory.support.DefaultListableBeanFactory@1dcca8d3: defining beans [CenterServer,com.alibaba.dubbo.config.RegistryConfig,accountService,roomService,daoService]; root of factory hierarchy
2017-10-24 14:33:50  [ main:4298 ] - [ DEBUG ]  Unable to locate MessageSource with name 'messageSource': using default [org.springframework.context.support.DelegatingMessageSource@2d746ce4]
2017-10-24 14:33:50  [ main:4301 ] - [ DEBUG ]  Unable to locate ApplicationEventMulticaster with name 'applicationEventMulticaster': using default [org.springframework.context.event.SimpleApplicationEventMulticaster@746cd757]
2017-10-24 14:33:50  [ main:4302 ] - [ DEBUG ]  Pre-instantiating singletons in org.springframework.beans.factory.support.DefaultListableBeanFactory@1dcca8d3: defining beans [CenterServer,com.alibaba.dubbo.config.RegistryConfig,accountService,roomService,daoService]; root of factory hierarchy
2017-10-24 14:33:50  [ main:4303 ] - [ DEBUG ]  Creating shared instance of singleton bean 'CenterServer'
2017-10-24 14:33:50  [ main:4303 ] - [ DEBUG ]  Creating instance of bean 'CenterServer'
2017-10-24 14:33:50  [ main:4325 ] - [ DEBUG ]  Eagerly caching bean 'CenterServer' to allow for resolving potential circular references
2017-10-24 14:33:50  [ main:4628 ] - [ DEBUG ]  Finished creating instance of bean 'CenterServer'
2017-10-24 14:33:50  [ main:4629 ] - [ DEBUG ]  Creating shared instance of singleton bean 'com.alibaba.dubbo.config.RegistryConfig'
2017-10-24 14:33:50  [ main:4629 ] - [ DEBUG ]  Creating instance of bean 'com.alibaba.dubbo.config.RegistryConfig'
2017-10-24 14:33:50  [ main:4630 ] - [ DEBUG ]  Eagerly caching bean 'com.alibaba.dubbo.config.RegistryConfig' to allow for resolving potential circular references
2017-10-24 14:33:50  [ main:4641 ] - [ DEBUG ]  Finished creating instance of bean 'com.alibaba.dubbo.config.RegistryConfig'
2017-10-24 14:33:50  [ main:4641 ] - [ DEBUG ]  Creating shared instance of singleton bean 'accountService'
2017-10-24 14:33:50  [ main:4641 ] - [ DEBUG ]  Creating instance of bean 'accountService'
2017-10-24 14:33:52  [ main:6067 ] - [ DEBUG ]   [DUBBO] package com.alibaba.dubbo.rpc;
import com.alibaba.dubbo.common.extension.ExtensionLoader;
public class Protocol$Adpative implements com.alibaba.dubbo.rpc.Protocol {
public void destroy() {throw new UnsupportedOperationException("method public abstract void com.alibaba.dubbo.rpc.Protocol.destroy() of interface com.alibaba.dubbo.rpc.Protocol is not adaptive method!");
}
public int getDefaultPort() {throw new UnsupportedOperationException("method public abstract int com.alibaba.dubbo.rpc.Protocol.getDefaultPort() of interface com.alibaba.dubbo.rpc.Protocol is not adaptive method!");
}
public com.alibaba.dubbo.rpc.Exporter export(com.alibaba.dubbo.rpc.Invoker arg0) throws com.alibaba.dubbo.rpc.Invoker {
if (arg0 == null) throw new IllegalArgumentException("com.alibaba.dubbo.rpc.Invoker argument == null");
if (arg0.getUrl() == null) throw new IllegalArgumentException("com.alibaba.dubbo.rpc.Invoker argument getUrl() == null");com.alibaba.dubbo.common.URL url = arg0.getUrl();
String extName = ( url.getProtocol() == null ? "dubbo" : url.getProtocol() );
if(extName == null) throw new IllegalStateException("Fail to get extension(com.alibaba.dubbo.rpc.Protocol) name from url(" + url.toString() + ") use keys([protocol])");
com.alibaba.dubbo.rpc.Protocol extension = (com.alibaba.dubbo.rpc.Protocol)ExtensionLoader.getExtensionLoader(com.alibaba.dubbo.rpc.Protocol.class).getExtension(extName);
return extension.export(arg0);
}
public com.alibaba.dubbo.rpc.Invoker refer(java.lang.Class arg0, com.alibaba.dubbo.common.URL arg1) throws java.lang.Class {
if (arg1 == null) throw new IllegalArgumentException("url == null");
com.alibaba.dubbo.common.URL url = arg1;
String extName = ( url.getProtocol() == null ? "dubbo" : url.getProtocol() );
if(extName == null) throw new IllegalStateException("Fail to get extension(com.alibaba.dubbo.rpc.Protocol) name from url(" + url.toString() + ") use keys([protocol])");
com.alibaba.dubbo.rpc.Protocol extension = (com.alibaba.dubbo.rpc.Protocol)ExtensionLoader.getExtensionLoader(com.alibaba.dubbo.rpc.Protocol.class).getExtension(extName);
return extension.refer(arg0, arg1);
}
}, dubbo version: 2.0.0, current host: 127.0.0.1
2017-10-24 14:33:57  [ main:11066 ] - [ DEBUG ]   [DUBBO] package com.alibaba.dubbo.rpc.cluster;
import com.alibaba.dubbo.common.extension.ExtensionLoader;
public class Cluster$Adpative implements com.alibaba.dubbo.rpc.cluster.Cluster {
public com.alibaba.dubbo.rpc.Invoker join(com.alibaba.dubbo.rpc.cluster.Directory arg0) throws com.alibaba.dubbo.rpc.cluster.Directory {
if (arg0 == null) throw new IllegalArgumentException("com.alibaba.dubbo.rpc.cluster.Directory argument == null");
if (arg0.getUrl() == null) throw new IllegalArgumentException("com.alibaba.dubbo.rpc.cluster.Directory argument getUrl() == null");com.alibaba.dubbo.common.URL url = arg0.getUrl();
String extName = url.getParameter("cluster", "failover");
if(extName == null) throw new IllegalStateException("Fail to get extension(com.alibaba.dubbo.rpc.cluster.Cluster) name from url(" + url.toString() + ") use keys([cluster])");
com.alibaba.dubbo.rpc.cluster.Cluster extension = (com.alibaba.dubbo.rpc.cluster.Cluster)ExtensionLoader.getExtensionLoader(com.alibaba.dubbo.rpc.cluster.Cluster.class).getExtension(extName);
return extension.join(arg0);
}
}, dubbo version: 2.0.0, current host: 127.0.0.1
2017-10-24 14:34:02  [ main:16010 ] - [ DEBUG ]   [DUBBO] package com.alibaba.dubbo.rpc;
import com.alibaba.dubbo.common.extension.ExtensionLoader;
public class ProxyFactory$Adpative implements com.alibaba.dubbo.rpc.ProxyFactory {
public com.alibaba.dubbo.rpc.Invoker getInvoker(java.lang.Object arg0, java.lang.Class arg1, com.alibaba.dubbo.common.URL arg2) throws java.lang.Object {
if (arg2 == null) throw new IllegalArgumentException("url == null");
com.alibaba.dubbo.common.URL url = arg2;
String extName = url.getParameter("proxy", "javassist");
if(extName == null) throw new IllegalStateException("Fail to get extension(com.alibaba.dubbo.rpc.ProxyFactory) name from url(" + url.toString() + ") use keys([proxy])");
com.alibaba.dubbo.rpc.ProxyFactory extension = (com.alibaba.dubbo.rpc.ProxyFactory)ExtensionLoader.getExtensionLoader(com.alibaba.dubbo.rpc.ProxyFactory.class).getExtension(extName);
return extension.getInvoker(arg0, arg1, arg2);
}
public java.lang.Object getProxy(com.alibaba.dubbo.rpc.Invoker arg0) throws com.alibaba.dubbo.rpc.Invoker {
if (arg0 == null) throw new IllegalArgumentException("com.alibaba.dubbo.rpc.Invoker argument == null");
if (arg0.getUrl() == null) throw new IllegalArgumentException("com.alibaba.dubbo.rpc.Invoker argument getUrl() == null");com.alibaba.dubbo.common.URL url = arg0.getUrl();
String extName = url.getParameter("proxy", "javassist");
if(extName == null) throw new IllegalStateException("Fail to get extension(com.alibaba.dubbo.rpc.ProxyFactory) name from url(" + url.toString() + ") use keys([proxy])");
com.alibaba.dubbo.rpc.ProxyFactory extension = (com.alibaba.dubbo.rpc.ProxyFactory)ExtensionLoader.getExtensionLoader(com.alibaba.dubbo.rpc.ProxyFactory.class).getExtension(extName);
return extension.getProxy(arg0);
}
}, dubbo version: 2.0.0, current host: 127.0.0.1
2017-10-24 14:34:05  [ main:19121 ] - [ DEBUG ]  Eagerly caching bean 'accountService' to allow for resolving potential circular references
2017-10-24 14:34:05  [ main:19182 ] - [ DEBUG ]  Invoking afterPropertiesSet() on bean with name 'accountService'
2017-10-24 14:34:05  [ main:19184 ] - [ DEBUG ]  Returning cached instance of singleton bean 'CenterServer'
2017-10-24 14:34:05  [ main:19184 ] - [ DEBUG ]  Returning cached instance of singleton bean 'com.alibaba.dubbo.config.RegistryConfig'
2017-10-24 14:34:05  [ main:19185 ] - [ DEBUG ]  Finished creating instance of bean 'accountService'
2017-10-24 14:34:05  [ main:19187 ] - [ DEBUG ]  Creating shared instance of singleton bean 'roomService'
2017-10-24 14:34:05  [ main:19188 ] - [ DEBUG ]  Creating instance of bean 'roomService'
2017-10-24 14:34:05  [ main:19188 ] - [ DEBUG ]  Eagerly caching bean 'roomService' to allow for resolving potential circular references
2017-10-24 14:34:05  [ main:19189 ] - [ DEBUG ]  Invoking afterPropertiesSet() on bean with name 'roomService'
2017-10-24 14:34:05  [ main:19193 ] - [ DEBUG ]  Returning cached instance of singleton bean 'CenterServer'
2017-10-24 14:34:05  [ main:19194 ] - [ DEBUG ]  Returning cached instance of singleton bean 'com.alibaba.dubbo.config.RegistryConfig'
2017-10-24 14:34:05  [ main:19195 ] - [ DEBUG ]  Finished creating instance of bean 'roomService'
2017-10-24 14:34:05  [ main:19195 ] - [ DEBUG ]  Creating shared instance of singleton bean 'daoService'
2017-10-24 14:34:05  [ main:19195 ] - [ DEBUG ]  Creating instance of bean 'daoService'
2017-10-24 14:34:05  [ main:19196 ] - [ DEBUG ]  Eagerly caching bean 'daoService' to allow for resolving potential circular references
2017-10-24 14:34:05  [ main:19196 ] - [ DEBUG ]  Invoking afterPropertiesSet() on bean with name 'daoService'
2017-10-24 14:34:05  [ main:19197 ] - [ DEBUG ]  Returning cached instance of singleton bean 'CenterServer'
2017-10-24 14:34:05  [ main:19198 ] - [ DEBUG ]  Returning cached instance of singleton bean 'com.alibaba.dubbo.config.RegistryConfig'
2017-10-24 14:34:05  [ main:19199 ] - [ DEBUG ]  Finished creating instance of bean 'daoService'
2017-10-24 14:34:05  [ main:19204 ] - [ DEBUG ]  Unable to locate LifecycleProcessor with name 'lifecycleProcessor': using default [org.springframework.context.support.DefaultLifecycleProcessor@29c53c4f]
2017-10-24 14:34:05  [ main:19205 ] - [ DEBUG ]  Returning cached instance of singleton bean 'lifecycleProcessor'
2017-10-24 14:34:05  [ main:19209 ] - [ DEBUG ]  Searching for key 'spring.liveBeansView.mbeanDomain' in [systemProperties]
2017-10-24 14:34:05  [ main:19209 ] - [ DEBUG ]  Searching for key 'spring.liveBeansView.mbeanDomain' in [systemEnvironment]
2017-10-24 14:34:05  [ main:19210 ] - [ DEBUG ]  Could not find key 'spring.liveBeansView.mbeanDomain' in any property source. Returning [null]
2017-10-24 14:34:05  [ main:19216 ] - [ DEBUG ]  Returning cached instance of singleton bean 'lifecycleProcessor'
