15:29:15,323 |-INFO in ch.qos.logback.classic.LoggerContext[test] - Could NOT find resource [logback-test.xml]
15:29:15,588 |-INFO in ch.qos.logback.classic.LoggerContext[test] - Could NOT find resource [logback.groovy]
15:29:15,588 |-INFO in ch.qos.logback.classic.LoggerContext[test] - Found resource [logback.xml] at [file:/Users/yangyang/Desktop/Majiang/majiang-server/DBServer/server01/config/logback.xml]
15:29:15,834 |-WARN in ch.qos.logback.classic.LoggerContext[test] - Resource [logback.xml] occurs multiple times on the classpath.
15:29:15,834 |-WARN in ch.qos.logback.classic.LoggerContext[test] - Resource [logback.xml] occurs at [file:/Users/yangyang/Desktop/Majiang/majiang-server/DBServer/server01/config/logback.xml]
15:29:15,834 |-WARN in ch.qos.logback.classic.LoggerContext[test] - Resource [logback.xml] occurs at [rsrc:logback.xml]
15:29:16,242 |-INFO in ch.qos.logback.classic.joran.action.ConfigurationAction - debug attribute not set
15:29:16,264 |-INFO in ch.qos.logback.classic.joran.action.ConfigurationAction - Will scan for changes in [file:/Users/yangyang/Desktop/Majiang/majiang-server/DBServer/server01/config/logback.xml] 
15:29:16,264 |-INFO in ch.qos.logback.classic.joran.action.ConfigurationAction - Setting ReconfigureOnChangeTask scanning period to 30 seconds
15:29:16,336 |-INFO in ch.qos.logback.classic.joran.action.ContextNameAction - Setting logger context name as [test]
15:29:16,344 |-INFO in ch.qos.logback.core.joran.action.AppenderAction - About to instantiate appender of type [ch.qos.logback.core.ConsoleAppender]
15:29:16,351 |-INFO in ch.qos.logback.core.joran.action.AppenderAction - Naming appender as [STDOUT]
15:29:16,373 |-INFO in ch.qos.logback.core.joran.action.NestedComplexPropertyIA - Assuming default type [ch.qos.logback.classic.encoder.PatternLayoutEncoder] for [encoder] property
15:29:16,548 |-INFO in ch.qos.logback.core.joran.action.AppenderAction - About to instantiate appender of type [ch.qos.logback.core.rolling.RollingFileAppender]
15:29:16,557 |-INFO in ch.qos.logback.core.joran.action.AppenderAction - Naming appender as [FILE_DEBUG]
15:29:16,568 |-ERROR in ch.qos.logback.core.joran.spi.Interpreter@34:19 - no applicable action for [Encoding], current ElementPath  is [[configuration][appender][Encoding]]
15:29:16,611 |-INFO in c.q.l.core.rolling.TimeBasedRollingPolicy@843467284 - No compression will be used
15:29:16,614 |-INFO in c.q.l.core.rolling.TimeBasedRollingPolicy@843467284 - Will use the pattern /Users/yangyang/Desktop/Majiang/majiang-server/DBServer/server01/logs/debug.%d{yyyy-MM-dd}.%i.log for the active file
15:29:16,620 |-INFO in ch.qos.logback.core.rolling.SizeAndTimeBasedFNATP@4e4aea35 - The date pattern is 'yyyy-MM-dd' from file name pattern '/Users/yangyang/Desktop/Majiang/majiang-server/DBServer/server01/logs/debug.%d{yyyy-MM-dd}.%i.log'.
15:29:16,620 |-INFO in ch.qos.logback.core.rolling.SizeAndTimeBasedFNATP@4e4aea35 - Roll-over at midnight.
15:29:16,624 |-INFO in ch.qos.logback.core.rolling.SizeAndTimeBasedFNATP@4e4aea35 - Setting initial period to Tue Oct 24 15:29:13 CST 2017
15:29:16,624 |-WARN in ch.qos.logback.core.rolling.SizeAndTimeBasedFNATP@4e4aea35 - SizeAndTimeBasedFNATP is deprecated. Use SizeAndTimeBasedRollingPolicy instead
15:29:16,624 |-WARN in ch.qos.logback.core.rolling.SizeAndTimeBasedFNATP@4e4aea35 - For more information see http://logback.qos.ch/manual/appenders.html#SizeAndTimeBasedRollingPolicy
15:29:16,630 |-INFO in ch.qos.logback.core.joran.action.NestedComplexPropertyIA - Assuming default type [ch.qos.logback.classic.encoder.PatternLayoutEncoder] for [encoder] property
15:29:16,636 |-INFO in ch.qos.logback.core.rolling.RollingFileAppender[FILE_DEBUG] - Active log file name: /Users/yangyang/Desktop/Majiang/majiang-server/DBServer/server01/logs/debug.log
15:29:16,636 |-INFO in ch.qos.logback.core.rolling.RollingFileAppender[FILE_DEBUG] - File property is set to [/Users/yangyang/Desktop/Majiang/majiang-server/DBServer/server01/logs/debug.log]
15:29:16,638 |-INFO in ch.qos.logback.core.joran.action.AppenderAction - About to instantiate appender of type [ch.qos.logback.core.rolling.RollingFileAppender]
15:29:16,639 |-INFO in ch.qos.logback.core.joran.action.AppenderAction - Naming appender as [FILE_INFO]
15:29:16,640 |-ERROR in ch.qos.logback.core.joran.spi.Interpreter@66:19 - no applicable action for [Encoding], current ElementPath  is [[configuration][appender][Encoding]]
15:29:16,641 |-INFO in c.q.l.core.rolling.TimeBasedRollingPolicy@339924917 - No compression will be used
15:29:16,642 |-INFO in c.q.l.core.rolling.TimeBasedRollingPolicy@339924917 - Will use the pattern /Users/yangyang/Desktop/Majiang/majiang-server/DBServer/server01/logs/info.%d{yyyy-MM-dd}.%i.log for the active file
15:29:16,643 |-INFO in ch.qos.logback.core.rolling.SizeAndTimeBasedFNATP@1efee8e7 - The date pattern is 'yyyy-MM-dd' from file name pattern '/Users/yangyang/Desktop/Majiang/majiang-server/DBServer/server01/logs/info.%d{yyyy-MM-dd}.%i.log'.
15:29:16,643 |-INFO in ch.qos.logback.core.rolling.SizeAndTimeBasedFNATP@1efee8e7 - Roll-over at midnight.
15:29:16,646 |-INFO in ch.qos.logback.core.rolling.SizeAndTimeBasedFNATP@1efee8e7 - Setting initial period to Tue Oct 24 15:21:43 CST 2017
15:29:16,646 |-WARN in ch.qos.logback.core.rolling.SizeAndTimeBasedFNATP@1efee8e7 - SizeAndTimeBasedFNATP is deprecated. Use SizeAndTimeBasedRollingPolicy instead
15:29:16,646 |-WARN in ch.qos.logback.core.rolling.SizeAndTimeBasedFNATP@1efee8e7 - For more information see http://logback.qos.ch/manual/appenders.html#SizeAndTimeBasedRollingPolicy
15:29:16,647 |-INFO in ch.qos.logback.core.joran.action.NestedComplexPropertyIA - Assuming default type [ch.qos.logback.classic.encoder.PatternLayoutEncoder] for [encoder] property
15:29:16,648 |-INFO in ch.qos.logback.core.rolling.RollingFileAppender[FILE_INFO] - Active log file name: /Users/yangyang/Desktop/Majiang/majiang-server/DBServer/server01/logs/info.log
15:29:16,648 |-INFO in ch.qos.logback.core.rolling.RollingFileAppender[FILE_INFO] - File property is set to [/Users/yangyang/Desktop/Majiang/majiang-server/DBServer/server01/logs/info.log]
15:29:16,649 |-INFO in ch.qos.logback.core.joran.action.AppenderAction - About to instantiate appender of type [ch.qos.logback.core.rolling.RollingFileAppender]
15:29:16,649 |-INFO in ch.qos.logback.core.joran.action.AppenderAction - Naming appender as [FILE_WARN]
15:29:16,651 |-ERROR in ch.qos.logback.core.joran.spi.Interpreter@98:19 - no applicable action for [Encoding], current ElementPath  is [[configuration][appender][Encoding]]
15:29:16,654 |-INFO in c.q.l.core.rolling.TimeBasedRollingPolicy@518522822 - No compression will be used
15:29:16,655 |-INFO in c.q.l.core.rolling.TimeBasedRollingPolicy@518522822 - Will use the pattern /Users/yangyang/Desktop/Majiang/majiang-server/DBServer/server01/logs/warn.%d{yyyy-MM-dd}.%i.log for the active file
15:29:16,657 |-INFO in ch.qos.logback.core.rolling.SizeAndTimeBasedFNATP@76a4d6c - The date pattern is 'yyyy-MM-dd' from file name pattern '/Users/yangyang/Desktop/Majiang/majiang-server/DBServer/server01/logs/warn.%d{yyyy-MM-dd}.%i.log'.
15:29:16,657 |-INFO in ch.qos.logback.core.rolling.SizeAndTimeBasedFNATP@76a4d6c - Roll-over at midnight.
15:29:16,659 |-INFO in ch.qos.logback.core.rolling.SizeAndTimeBasedFNATP@76a4d6c - Setting initial period to Tue Oct 24 15:18:13 CST 2017
15:29:16,659 |-WARN in ch.qos.logback.core.rolling.SizeAndTimeBasedFNATP@76a4d6c - SizeAndTimeBasedFNATP is deprecated. Use SizeAndTimeBasedRollingPolicy instead
15:29:16,659 |-WARN in ch.qos.logback.core.rolling.SizeAndTimeBasedFNATP@76a4d6c - For more information see http://logback.qos.ch/manual/appenders.html#SizeAndTimeBasedRollingPolicy
15:29:16,660 |-INFO in ch.qos.logback.core.joran.action.NestedComplexPropertyIA - Assuming default type [ch.qos.logback.classic.encoder.PatternLayoutEncoder] for [encoder] property
15:29:16,661 |-INFO in ch.qos.logback.core.rolling.RollingFileAppender[FILE_WARN] - Active log file name: /Users/yangyang/Desktop/Majiang/majiang-server/DBServer/server01/logs/warn.log
15:29:16,661 |-INFO in ch.qos.logback.core.rolling.RollingFileAppender[FILE_WARN] - File property is set to [/Users/yangyang/Desktop/Majiang/majiang-server/DBServer/server01/logs/warn.log]
15:29:16,661 |-INFO in ch.qos.logback.core.joran.action.AppenderAction - About to instantiate appender of type [ch.qos.logback.core.rolling.RollingFileAppender]
15:29:16,661 |-INFO in ch.qos.logback.core.joran.action.AppenderAction - Naming appender as [FILE_ERROR]
15:29:16,663 |-ERROR in ch.qos.logback.core.joran.spi.Interpreter@130:19 - no applicable action for [Encoding], current ElementPath  is [[configuration][appender][Encoding]]
15:29:16,665 |-INFO in c.q.l.core.rolling.TimeBasedRollingPolicy@85445963 - No compression will be used
15:29:16,665 |-INFO in c.q.l.core.rolling.TimeBasedRollingPolicy@85445963 - Will use the pattern /Users/yangyang/Desktop/Majiang/majiang-server/DBServer/server01/logs/error.%d{yyyy-MM-dd}.%i.log for the active file
15:29:16,668 |-INFO in ch.qos.logback.core.rolling.SizeAndTimeBasedFNATP@6cc7b4de - The date pattern is 'yyyy-MM-dd' from file name pattern '/Users/yangyang/Desktop/Majiang/majiang-server/DBServer/server01/logs/error.%d{yyyy-MM-dd}.%i.log'.
15:29:16,668 |-INFO in ch.qos.logback.core.rolling.SizeAndTimeBasedFNATP@6cc7b4de - Roll-over at midnight.
15:29:16,669 |-INFO in ch.qos.logback.core.rolling.SizeAndTimeBasedFNATP@6cc7b4de - Setting initial period to Tue Oct 24 14:41:43 CST 2017
15:29:16,669 |-WARN in ch.qos.logback.core.rolling.SizeAndTimeBasedFNATP@6cc7b4de - SizeAndTimeBasedFNATP is deprecated. Use SizeAndTimeBasedRollingPolicy instead
15:29:16,669 |-WARN in ch.qos.logback.core.rolling.SizeAndTimeBasedFNATP@6cc7b4de - For more information see http://logback.qos.ch/manual/appenders.html#SizeAndTimeBasedRollingPolicy
15:29:16,674 |-INFO in ch.qos.logback.core.joran.action.NestedComplexPropertyIA - Assuming default type [ch.qos.logback.classic.encoder.PatternLayoutEncoder] for [encoder] property
15:29:16,675 |-INFO in ch.qos.logback.core.rolling.RollingFileAppender[FILE_ERROR] - Active log file name: /Users/yangyang/Desktop/Majiang/majiang-server/DBServer/server01/logs/error.log
15:29:16,675 |-INFO in ch.qos.logback.core.rolling.RollingFileAppender[FILE_ERROR] - File property is set to [/Users/yangyang/Desktop/Majiang/majiang-server/DBServer/server01/logs/error.log]
15:29:16,676 |-INFO in ch.qos.logback.classic.joran.action.RootLoggerAction - Setting level of ROOT logger to DEBUG
15:29:16,676 |-INFO in ch.qos.logback.core.joran.action.AppenderRefAction - Attaching appender named [STDOUT] to Logger[ROOT]
15:29:16,687 |-INFO in ch.qos.logback.core.joran.action.AppenderRefAction - Attaching appender named [FILE_DEBUG] to Logger[ROOT]
15:29:16,687 |-INFO in ch.qos.logback.core.joran.action.AppenderRefAction - Attaching appender named [FILE_INFO] to Logger[ROOT]
15:29:16,687 |-INFO in ch.qos.logback.core.joran.action.AppenderRefAction - Attaching appender named [FILE_WARN] to Logger[ROOT]
15:29:16,687 |-INFO in ch.qos.logback.core.joran.action.AppenderRefAction - Attaching appender named [FILE_ERROR] to Logger[ROOT]
15:29:16,688 |-INFO in ch.qos.logback.classic.joran.action.ConfigurationAction - End of configuration.
15:29:16,689 |-INFO in ch.qos.logback.classic.joran.JoranConfigurator@32cf48b7 - Registering current configuration as safe fallback point

SLF4J: The requested version 1.7.16 by your slf4j binding is not compatible with [1.6]
SLF4J: See http://www.slf4j.org/codes.html#version_mismatch for further details.
十月 24, 2017 3:29:17 下午 org.springframework.context.support.AbstractApplicationContext prepareRefresh
信息: Refreshing org.springframework.context.support.FileSystemXmlApplicationContext@49c386c8: startup date [Tue Oct 24 15:29:17 CST 2017]; root of context hierarchy
十月 24, 2017 3:29:17 下午 org.springframework.beans.factory.xml.XmlBeanDefinitionReader loadBeanDefinitions
信息: Loading XML bean definitions from file [/Users/yangyang/Desktop/Majiang/majiang-server/DBServer/server01/config/config.xml]
2017-10-24 15:29:20 [main] INFO  com.alibaba.dubbo.common.logger.LoggerFactory - using logger: com.alibaba.dubbo.common.logger.slf4j.Slf4jLoggerAdapter
2017-10-24 15:29:28 [main] INFO  com.alibaba.druid.pool.DruidDataSource - {dataSource-1} inited
127.0.0.1 6379 5000 5000 1 false
psw 123456
2017-10-24 15:29:30 [main] DEBUG com.alibaba.dubbo.common.extension.ExtensionLoader -  [DUBBO] package com.alibaba.dubbo.rpc;
import com.alibaba.dubbo.common.extension.ExtensionLoader;
public class Protocol$Adpative implements com.alibaba.dubbo.rpc.Protocol {
public void destroy() {throw new UnsupportedOperationException("method public abstract void com.alibaba.dubbo.rpc.Protocol.destroy() of interface com.alibaba.dubbo.rpc.Protocol is not adaptive method!");
}
public int getDefaultPort() {throw new UnsupportedOperationException("method public abstract int com.alibaba.dubbo.rpc.Protocol.getDefaultPort() of interface com.alibaba.dubbo.rpc.Protocol is not adaptive method!");
}
public com.alibaba.dubbo.rpc.Exporter export(com.alibaba.dubbo.rpc.Invoker arg0) throws com.alibaba.dubbo.rpc.Invoker {
if (arg0 == null) throw new IllegalArgumentException("com.alibaba.dubbo.rpc.Invoker argument == null");
if (arg0.getUrl() == null) throw new IllegalArgumentException("com.alibaba.dubbo.rpc.Invoker argument getUrl() == null");com.alibaba.dubbo.common.URL url = arg0.getUrl();
String extName = ( url.getProtocol() == null ? "dubbo" : url.getProtocol() );
if(extName == null) throw new IllegalStateException("Fail to get extension(com.alibaba.dubbo.rpc.Protocol) name from url(" + url.toString() + ") use keys([protocol])");
com.alibaba.dubbo.rpc.Protocol extension = (com.alibaba.dubbo.rpc.Protocol)ExtensionLoader.getExtensionLoader(com.alibaba.dubbo.rpc.Protocol.class).getExtension(extName);
return extension.export(arg0);
}
public com.alibaba.dubbo.rpc.Invoker refer(java.lang.Class arg0, com.alibaba.dubbo.common.URL arg1) throws java.lang.Class {
if (arg1 == null) throw new IllegalArgumentException("url == null");
com.alibaba.dubbo.common.URL url = arg1;
String extName = ( url.getProtocol() == null ? "dubbo" : url.getProtocol() );
if(extName == null) throw new IllegalStateException("Fail to get extension(com.alibaba.dubbo.rpc.Protocol) name from url(" + url.toString() + ") use keys([protocol])");
com.alibaba.dubbo.rpc.Protocol extension = (com.alibaba.dubbo.rpc.Protocol)ExtensionLoader.getExtensionLoader(com.alibaba.dubbo.rpc.Protocol.class).getExtension(extName);
return extension.refer(arg0, arg1);
}
}, dubbo version: 2.0.0, current host: 127.0.0.1
2017-10-24 15:29:34 [main] DEBUG com.alibaba.dubbo.common.extension.ExtensionLoader -  [DUBBO] package com.alibaba.dubbo.rpc;
import com.alibaba.dubbo.common.extension.ExtensionLoader;
public class ProxyFactory$Adpative implements com.alibaba.dubbo.rpc.ProxyFactory {
public com.alibaba.dubbo.rpc.Invoker getInvoker(java.lang.Object arg0, java.lang.Class arg1, com.alibaba.dubbo.common.URL arg2) throws java.lang.Object {
if (arg2 == null) throw new IllegalArgumentException("url == null");
com.alibaba.dubbo.common.URL url = arg2;
String extName = url.getParameter("proxy", "javassist");
if(extName == null) throw new IllegalStateException("Fail to get extension(com.alibaba.dubbo.rpc.ProxyFactory) name from url(" + url.toString() + ") use keys([proxy])");
com.alibaba.dubbo.rpc.ProxyFactory extension = (com.alibaba.dubbo.rpc.ProxyFactory)ExtensionLoader.getExtensionLoader(com.alibaba.dubbo.rpc.ProxyFactory.class).getExtension(extName);
return extension.getInvoker(arg0, arg1, arg2);
}
public java.lang.Object getProxy(com.alibaba.dubbo.rpc.Invoker arg0) throws com.alibaba.dubbo.rpc.Invoker {
if (arg0 == null) throw new IllegalArgumentException("com.alibaba.dubbo.rpc.Invoker argument == null");
if (arg0.getUrl() == null) throw new IllegalArgumentException("com.alibaba.dubbo.rpc.Invoker argument getUrl() == null");com.alibaba.dubbo.common.URL url = arg0.getUrl();
String extName = url.getParameter("proxy", "javassist");
if(extName == null) throw new IllegalStateException("Fail to get extension(com.alibaba.dubbo.rpc.ProxyFactory) name from url(" + url.toString() + ") use keys([proxy])");
com.alibaba.dubbo.rpc.ProxyFactory extension = (com.alibaba.dubbo.rpc.ProxyFactory)ExtensionLoader.getExtensionLoader(com.alibaba.dubbo.rpc.ProxyFactory.class).getExtension(extName);
return extension.getProxy(arg0);
}
}, dubbo version: 2.0.0, current host: 127.0.0.1
2017-10-24 15:29:36 [main] INFO  com.alibaba.dubbo.config.AbstractConfig -  [DUBBO] The service ready on spring started. service: com.hogense.roomgame.service.interfaces.AccountService, dubbo version: 2.0.0, current host: 127.0.0.1
2017-10-24 15:29:51 [main] DEBUG com.alibaba.dubbo.common.extension.ExtensionLoader -  [DUBBO] package com.alibaba.dubbo.cache;
import com.alibaba.dubbo.common.extension.ExtensionLoader;
public class CacheFactory$Adpative implements com.alibaba.dubbo.cache.CacheFactory {
public com.alibaba.dubbo.cache.Cache getCache(com.alibaba.dubbo.common.URL arg0) {
if (arg0 == null) throw new IllegalArgumentException("url == null");
com.alibaba.dubbo.common.URL url = arg0;
String extName = url.getParameter("cache", "lru");
if(extName == null) throw new IllegalStateException("Fail to get extension(com.alibaba.dubbo.cache.CacheFactory) name from url(" + url.toString() + ") use keys([cache])");
com.alibaba.dubbo.cache.CacheFactory extension = (com.alibaba.dubbo.cache.CacheFactory)ExtensionLoader.getExtensionLoader(com.alibaba.dubbo.cache.CacheFactory.class).getExtension(extName);
return extension.getCache(arg0);
}
}, dubbo version: 2.0.0, current host: 127.0.0.1
2017-10-24 15:29:53 [main] DEBUG com.alibaba.dubbo.common.extension.ExtensionLoader -  [DUBBO] package com.alibaba.dubbo.monitor;
import com.alibaba.dubbo.common.extension.ExtensionLoader;
public class MonitorFactory$Adpative implements com.alibaba.dubbo.monitor.MonitorFactory {
public com.alibaba.dubbo.monitor.Monitor getMonitor(com.alibaba.dubbo.common.URL arg0) {
if (arg0 == null) throw new IllegalArgumentException("url == null");
com.alibaba.dubbo.common.URL url = arg0;
String extName = ( url.getProtocol() == null ? "dubbo" : url.getProtocol() );
if(extName == null) throw new IllegalStateException("Fail to get extension(com.alibaba.dubbo.monitor.MonitorFactory) name from url(" + url.toString() + ") use keys([protocol])");
com.alibaba.dubbo.monitor.MonitorFactory extension = (com.alibaba.dubbo.monitor.MonitorFactory)ExtensionLoader.getExtensionLoader(com.alibaba.dubbo.monitor.MonitorFactory.class).getExtension(extName);
return extension.getMonitor(arg0);
}
}, dubbo version: 2.0.0, current host: 127.0.0.1
2017-10-24 15:29:55 [main] DEBUG com.alibaba.dubbo.common.extension.ExtensionLoader -  [DUBBO] package com.alibaba.dubbo.validation;
import com.alibaba.dubbo.common.extension.ExtensionLoader;
public class Validation$Adpative implements com.alibaba.dubbo.validation.Validation {
public com.alibaba.dubbo.validation.Validator getValidator(com.alibaba.dubbo.common.URL arg0) {
if (arg0 == null) throw new IllegalArgumentException("url == null");
com.alibaba.dubbo.common.URL url = arg0;
String extName = url.getParameter("validation", "jvalidation");
if(extName == null) throw new IllegalStateException("Fail to get extension(com.alibaba.dubbo.validation.Validation) name from url(" + url.toString() + ") use keys([validation])");
com.alibaba.dubbo.validation.Validation extension = (com.alibaba.dubbo.validation.Validation)ExtensionLoader.getExtensionLoader(com.alibaba.dubbo.validation.Validation.class).getExtension(extName);
return extension.getValidator(arg0);
}
}, dubbo version: 2.0.0, current host: 127.0.0.1
2017-10-24 15:29:57 [main] INFO  com.alibaba.dubbo.config.AbstractConfig -  [DUBBO] Export dubbo service com.hogense.roomgame.service.interfaces.AccountService to local registry, dubbo version: 2.0.0, current host: 127.0.0.1
2017-10-24 15:29:57 [main] INFO  com.alibaba.dubbo.config.AbstractConfig -  [DUBBO] Export dubbo service com.hogense.roomgame.service.interfaces.AccountService to url dubbo://192.168.1.125:20881/com.hogense.roomgame.service.interfaces.AccountService?actives=1000&anyhost=true&application=pdmjdbserver01&dubbo=2.0.0&interface=com.hogense.roomgame.service.interfaces.AccountService&loadbalance=random&methods=getUserByOpenId,getUserByAccount,loginByUid,loginByThirdPart&pid=2973&retries=2&side=provider&threads=1024&timeout=10000&timestamp=1508830186701, dubbo version: 2.0.0, current host: 127.0.0.1
2017-10-24 15:29:57 [main] INFO  com.alibaba.dubbo.config.AbstractConfig -  [DUBBO] Register dubbo service com.hogense.roomgame.service.interfaces.AccountService url dubbo://192.168.1.125:20881/com.hogense.roomgame.service.interfaces.AccountService?actives=1000&anyhost=true&application=pdmjdbserver01&dubbo=2.0.0&interface=com.hogense.roomgame.service.interfaces.AccountService&loadbalance=random&methods=getUserByOpenId,getUserByAccount,loginByUid,loginByThirdPart&pid=2973&retries=2&side=provider&threads=1024&timeout=10000&timestamp=1508830186701 to registry registry://192.168.1.125:2181/com.alibaba.dubbo.registry.RegistryService?application=pdmjdbserver01&dubbo=2.0.0&pid=2973&registry=zookeeper&timestamp=1508830176677, dubbo version: 2.0.0, current host: 127.0.0.1
2017-10-24 15:29:58 [main] DEBUG com.alibaba.dubbo.common.extension.ExtensionLoader -  [DUBBO] package com.alibaba.dubbo.rpc.cluster;
import com.alibaba.dubbo.common.extension.ExtensionLoader;
public class Cluster$Adpative implements com.alibaba.dubbo.rpc.cluster.Cluster {
public com.alibaba.dubbo.rpc.Invoker join(com.alibaba.dubbo.rpc.cluster.Directory arg0) throws com.alibaba.dubbo.rpc.cluster.Directory {
if (arg0 == null) throw new IllegalArgumentException("com.alibaba.dubbo.rpc.cluster.Directory argument == null");
if (arg0.getUrl() == null) throw new IllegalArgumentException("com.alibaba.dubbo.rpc.cluster.Directory argument getUrl() == null");com.alibaba.dubbo.common.URL url = arg0.getUrl();
String extName = url.getParameter("cluster", "failover");
if(extName == null) throw new IllegalStateException("Fail to get extension(com.alibaba.dubbo.rpc.cluster.Cluster) name from url(" + url.toString() + ") use keys([cluster])");
com.alibaba.dubbo.rpc.cluster.Cluster extension = (com.alibaba.dubbo.rpc.cluster.Cluster)ExtensionLoader.getExtensionLoader(com.alibaba.dubbo.rpc.cluster.Cluster.class).getExtension(extName);
return extension.join(arg0);
}
}, dubbo version: 2.0.0, current host: 127.0.0.1
2017-10-24 15:30:00 [main] DEBUG com.alibaba.dubbo.common.extension.ExtensionLoader -  [DUBBO] package com.alibaba.dubbo.registry;
import com.alibaba.dubbo.common.extension.ExtensionLoader;
public class RegistryFactory$Adpative implements com.alibaba.dubbo.registry.RegistryFactory {
public com.alibaba.dubbo.registry.Registry getRegistry(com.alibaba.dubbo.common.URL arg0) {
if (arg0 == null) throw new IllegalArgumentException("url == null");
com.alibaba.dubbo.common.URL url = arg0;
String extName = ( url.getProtocol() == null ? "dubbo" : url.getProtocol() );
if(extName == null) throw new IllegalStateException("Fail to get extension(com.alibaba.dubbo.registry.RegistryFactory) name from url(" + url.toString() + ") use keys([protocol])");
com.alibaba.dubbo.registry.RegistryFactory extension = (com.alibaba.dubbo.registry.RegistryFactory)ExtensionLoader.getExtensionLoader(com.alibaba.dubbo.registry.RegistryFactory.class).getExtension(extName);
return extension.getRegistry(arg0);
}
}, dubbo version: 2.0.0, current host: 127.0.0.1
2017-10-24 15:30:05 [main] DEBUG com.alibaba.dubbo.common.extension.ExtensionLoader -  [DUBBO] package com.alibaba.dubbo.remoting;
import com.alibaba.dubbo.common.extension.ExtensionLoader;
public class Transporter$Adpative implements com.alibaba.dubbo.remoting.Transporter {
public com.alibaba.dubbo.remoting.Client connect(com.alibaba.dubbo.common.URL arg0, com.alibaba.dubbo.remoting.ChannelHandler arg1) throws com.alibaba.dubbo.common.URL {
if (arg0 == null) throw new IllegalArgumentException("url == null");
com.alibaba.dubbo.common.URL url = arg0;
String extName = url.getParameter("client", url.getParameter("transporter", "netty"));
if(extName == null) throw new IllegalStateException("Fail to get extension(com.alibaba.dubbo.remoting.Transporter) name from url(" + url.toString() + ") use keys([client, transporter])");
com.alibaba.dubbo.remoting.Transporter extension = (com.alibaba.dubbo.remoting.Transporter)ExtensionLoader.getExtensionLoader(com.alibaba.dubbo.remoting.Transporter.class).getExtension(extName);
return extension.connect(arg0, arg1);
}
public com.alibaba.dubbo.remoting.Server bind(com.alibaba.dubbo.common.URL arg0, com.alibaba.dubbo.remoting.ChannelHandler arg1) throws com.alibaba.dubbo.common.URL {
if (arg0 == null) throw new IllegalArgumentException("url == null");
com.alibaba.dubbo.common.URL url = arg0;
String extName = url.getParameter("server", url.getParameter("transporter", "netty"));
if(extName == null) throw new IllegalStateException("Fail to get extension(com.alibaba.dubbo.remoting.Transporter) name from url(" + url.toString() + ") use keys([server, transporter])");
com.alibaba.dubbo.remoting.Transporter extension = (com.alibaba.dubbo.remoting.Transporter)ExtensionLoader.getExtensionLoader(com.alibaba.dubbo.remoting.Transporter.class).getExtension(extName);
return extension.bind(arg0, arg1);
}
}, dubbo version: 2.0.0, current host: 127.0.0.1
2017-10-24 15:30:07 [main] DEBUG com.alibaba.dubbo.common.extension.ExtensionLoader -  [DUBBO] package com.alibaba.dubbo.remoting;
import com.alibaba.dubbo.common.extension.ExtensionLoader;
public class Dispatcher$Adpative implements com.alibaba.dubbo.remoting.Dispatcher {
public com.alibaba.dubbo.remoting.ChannelHandler dispatch(com.alibaba.dubbo.remoting.ChannelHandler arg0, com.alibaba.dubbo.common.URL arg1) {
if (arg1 == null) throw new IllegalArgumentException("url == null");
com.alibaba.dubbo.common.URL url = arg1;
String extName = url.getParameter("dispatcher", url.getParameter("dispather", url.getParameter("channel.handler", "all")));
if(extName == null) throw new IllegalStateException("Fail to get extension(com.alibaba.dubbo.remoting.Dispatcher) name from url(" + url.toString() + ") use keys([dispatcher, dispather, channel.handler])");
com.alibaba.dubbo.remoting.Dispatcher extension = (com.alibaba.dubbo.remoting.Dispatcher)ExtensionLoader.getExtensionLoader(com.alibaba.dubbo.remoting.Dispatcher.class).getExtension(extName);
return extension.dispatch(arg0, arg1);
}
}, dubbo version: 2.0.0, current host: 127.0.0.1
2017-10-24 15:30:10 [main] DEBUG com.alibaba.dubbo.common.extension.ExtensionLoader -  [DUBBO] package com.alibaba.dubbo.common.threadpool;
import com.alibaba.dubbo.common.extension.ExtensionLoader;
public class ThreadPool$Adpative implements com.alibaba.dubbo.common.threadpool.ThreadPool {
public java.util.concurrent.Executor getExecutor(com.alibaba.dubbo.common.URL arg0) {
if (arg0 == null) throw new IllegalArgumentException("url == null");
com.alibaba.dubbo.common.URL url = arg0;
String extName = url.getParameter("threadpool", "fixed");
if(extName == null) throw new IllegalStateException("Fail to get extension(com.alibaba.dubbo.common.threadpool.ThreadPool) name from url(" + url.toString() + ") use keys([threadpool])");
com.alibaba.dubbo.common.threadpool.ThreadPool extension = (com.alibaba.dubbo.common.threadpool.ThreadPool)ExtensionLoader.getExtensionLoader(com.alibaba.dubbo.common.threadpool.ThreadPool.class).getExtension(extName);
return extension.getExecutor(arg0);
}
}, dubbo version: 2.0.0, current host: 127.0.0.1
2017-10-24 15:30:14 [main] DEBUG o.j.netty.channel.socket.nio.NioProviderMetadata -  [DUBBO] Couldn't determine the NIO constraint level from the system properties; using the safest level (2), dubbo version: 2.0.0, current host: 127.0.0.1
2017-10-24 15:30:14 [main] INFO  c.alibaba.dubbo.remoting.transport.AbstractServer -  [DUBBO] Start NettyServer bind /0.0.0.0:20881, export /192.168.1.125:20881, dubbo version: 2.0.0, current host: 127.0.0.1
2017-10-24 15:30:14 [main] DEBUG com.alibaba.dubbo.common.extension.ExtensionLoader -  [DUBBO] package com.alibaba.dubbo.remoting.zookeeper;
import com.alibaba.dubbo.common.extension.ExtensionLoader;
public class ZookeeperTransporter$Adpative implements com.alibaba.dubbo.remoting.zookeeper.ZookeeperTransporter {
public com.alibaba.dubbo.remoting.zookeeper.ZookeeperClient connect(com.alibaba.dubbo.common.URL arg0) {
if (arg0 == null) throw new IllegalArgumentException("url == null");
com.alibaba.dubbo.common.URL url = arg0;
String extName = url.getParameter("client", url.getParameter("transporter", "zkclient"));
if(extName == null) throw new IllegalStateException("Fail to get extension(com.alibaba.dubbo.remoting.zookeeper.ZookeeperTransporter) name from url(" + url.toString() + ") use keys([client, transporter])");
com.alibaba.dubbo.remoting.zookeeper.ZookeeperTransporter extension = (com.alibaba.dubbo.remoting.zookeeper.ZookeeperTransporter)ExtensionLoader.getExtensionLoader(com.alibaba.dubbo.remoting.zookeeper.ZookeeperTransporter.class).getExtension(extName);
return extension.connect(arg0);
}
}, dubbo version: 2.0.0, current host: 127.0.0.1
2017-10-24 15:30:16 [main] INFO  c.a.dubbo.registry.zookeeper.ZookeeperRegistry -  [DUBBO] Load registry store file /Users/yangyang/.dubbo/dubbo-registry-192.168.1.125.cache, data: {com.hogense.roomgame.service.interfaces.AccountService=empty://192.168.1.125/com.hogense.roomgame.service.interfaces.AccountService?application=LoginServer&category=configurators&dubbo=2.0.0&interface=com.hogense.roomgame.service.interfaces.AccountService&methods=getUserByOpenId,changeUserLockState,getUserByAccount,loginByThirdPart,loginByUid&pid=2947&side=consumer&timestamp=1508829991314 empty://192.168.1.125/com.hogense.roomgame.service.interfaces.AccountService?application=LoginServer&category=routers&dubbo=2.0.0&interface=com.hogense.roomgame.service.interfaces.AccountService&methods=getUserByOpenId,changeUserLockState,getUserByAccount,loginByThirdPart,loginByUid&pid=2947&side=consumer&timestamp=1508829991314 empty://192.168.1.125/com.hogense.roomgame.service.interfaces.AccountService?application=LoginServer&category=providers&dubbo=2.0.0&interface=com.hogense.roomgame.service.interfaces.AccountService&methods=getUserByOpenId,changeUserLockState,getUserByAccount,loginByThirdPart,loginByUid&pid=2947&side=consumer&timestamp=1508829991314}, dubbo version: 2.0.0, current host: 127.0.0.1
2017-10-24 15:30:16 [main] DEBUG org.I0Itec.zkclient.ZkConnection - Creating new ZookKeeper instance to connect to 192.168.1.125:2181.
2017-10-24 15:30:16 [ZkClient-EventThread-21-192.168.1.125:2181] INFO  org.I0Itec.zkclient.ZkEventThread - Starting ZkClient event thread.
2017-10-24 15:30:21 [main] INFO  org.apache.zookeeper.ZooKeeper - Client environment:zookeeper.version=3.4.8--1, built on 02/06/2016 03:18 GMT
2017-10-24 15:30:21 [main] INFO  org.apache.zookeeper.ZooKeeper - Client environment:host.name=192.168.1.125
2017-10-24 15:30:21 [main] INFO  org.apache.zookeeper.ZooKeeper - Client environment:java.version=1.8.0_144
2017-10-24 15:30:21 [main] INFO  org.apache.zookeeper.ZooKeeper - Client environment:java.vendor=Oracle Corporation
2017-10-24 15:30:21 [main] INFO  org.apache.zookeeper.ZooKeeper - Client environment:java.home=/Library/Java/JavaVirtualMachines/jdk1.8.0_144.jdk/Contents/Home/jre
2017-10-24 15:30:21 [main] INFO  org.apache.zookeeper.ZooKeeper - Client environment:java.class.path=PDMJDBServer01.jar
2017-10-24 15:30:21 [main] INFO  org.apache.zookeeper.ZooKeeper - Client environment:java.library.path=/Users/yangyang/Library/Java/Extensions:/Library/Java/Extensions:/Network/Library/Java/Extensions:/System/Library/Java/Extensions:/usr/lib/java:.
2017-10-24 15:30:21 [main] INFO  org.apache.zookeeper.ZooKeeper - Client environment:java.io.tmpdir=/var/folders/w0/mct2g2v10d78t8s7wmjry7_m0000gn/T/
2017-10-24 15:30:21 [main] INFO  org.apache.zookeeper.ZooKeeper - Client environment:java.compiler=<NA>
2017-10-24 15:30:21 [main] INFO  org.apache.zookeeper.ZooKeeper - Client environment:os.name=Mac OS X
2017-10-24 15:30:21 [main] INFO  org.apache.zookeeper.ZooKeeper - Client environment:os.arch=x86_64
2017-10-24 15:30:21 [main] INFO  org.apache.zookeeper.ZooKeeper - Client environment:os.version=10.12.6
2017-10-24 15:30:21 [main] INFO  org.apache.zookeeper.ZooKeeper - Client environment:user.name=yangyang
2017-10-24 15:30:21 [main] INFO  org.apache.zookeeper.ZooKeeper - Client environment:user.home=/Users/yangyang
2017-10-24 15:30:21 [main] INFO  org.apache.zookeeper.ZooKeeper - Client environment:user.dir=/Users/yangyang/Desktop/Majiang/majiang-server/DBServer/server01
2017-10-24 15:30:21 [main] INFO  org.apache.zookeeper.ZooKeeper - Initiating client connection, connectString=192.168.1.125:2181 sessionTimeout=30000 watcher=org.I0Itec.zkclient.ZkClient@59aa1d1c
2017-10-24 15:30:21 [main] DEBUG org.apache.zookeeper.ClientCnxn - zookeeper.disableAutoWatchReset is false
2017-10-24 15:30:21 [main] DEBUG org.I0Itec.zkclient.ZkClient - Awaiting connection to Zookeeper server
2017-10-24 15:30:21 [main] INFO  org.I0Itec.zkclient.ZkClient - Waiting for keeper state SyncConnected
2017-10-24 15:30:21 [main-SendThread(192.168.1.125:2181)] INFO  org.apache.zookeeper.ClientCnxn - Opening socket connection to server 192.168.1.125/192.168.1.125:2181. Will not attempt to authenticate using SASL (unknown error)
2017-10-24 15:30:21 [main-SendThread(192.168.1.125:2181)] INFO  org.apache.zookeeper.ClientCnxn - Socket connection established to 192.168.1.125/192.168.1.125:2181, initiating session
2017-10-24 15:30:21 [main-SendThread(192.168.1.125:2181)] DEBUG org.apache.zookeeper.ClientCnxn - Session establishment request sent on 192.168.1.125/192.168.1.125:2181
2017-10-24 15:30:21 [main-SendThread(192.168.1.125:2181)] INFO  org.apache.zookeeper.ClientCnxn - Session establishment complete on server 192.168.1.125/192.168.1.125:2181, sessionid = 0x15f4d0651ab000b, negotiated timeout = 30000
2017-10-24 15:30:21 [main-EventThread] DEBUG org.I0Itec.zkclient.ZkClient - Received event: WatchedEvent state:SyncConnected type:None path:null
2017-10-24 15:30:21 [main-EventThread] INFO  org.I0Itec.zkclient.ZkClient - zookeeper state changed (SyncConnected)
2017-10-24 15:30:21 [main-EventThread] DEBUG org.I0Itec.zkclient.ZkClient - Leaving process event
2017-10-24 15:30:21 [main] DEBUG org.I0Itec.zkclient.ZkClient - State is SyncConnected
2017-10-24 15:30:21 [main] INFO  c.a.dubbo.registry.zookeeper.ZookeeperRegistry -  [DUBBO] Register: dubbo://192.168.1.125:20881/com.hogense.roomgame.service.interfaces.AccountService?actives=1000&anyhost=true&application=pdmjdbserver01&dubbo=2.0.0&interface=com.hogense.roomgame.service.interfaces.AccountService&loadbalance=random&methods=getUserByOpenId,getUserByAccount,loginByUid,loginByThirdPart&pid=2973&retries=2&side=provider&threads=1024&timeout=10000&timestamp=1508830186701, dubbo version: 2.0.0, current host: 127.0.0.1
2017-10-24 15:30:21 [main-SendThread(192.168.1.125:2181)] DEBUG org.apache.zookeeper.ClientCnxn - Reading reply sessionid:0x15f4d0651ab000b, packet:: clientPath:null serverPath:null finished:false header:: 1,1  replyHeader:: 1,190,-110  request:: '/dubbo,,v{s{31,s{'world,'anyone}}},0  response::  
2017-10-24 15:30:21 [main-SendThread(192.168.1.125:2181)] DEBUG org.apache.zookeeper.ClientCnxn - Reading reply sessionid:0x15f4d0651ab000b, packet:: clientPath:null serverPath:null finished:false header:: 2,1  replyHeader:: 2,191,-110  request:: '/dubbo/com.hogense.roomgame.service.interfaces.AccountService,,v{s{31,s{'world,'anyone}}},0  response::  
2017-10-24 15:30:21 [main-SendThread(192.168.1.125:2181)] DEBUG org.apache.zookeeper.ClientCnxn - Reading reply sessionid:0x15f4d0651ab000b, packet:: clientPath:null serverPath:null finished:false header:: 3,1  replyHeader:: 3,192,-110  request:: '/dubbo/com.hogense.roomgame.service.interfaces.AccountService/providers,,v{s{31,s{'world,'anyone}}},0  response::  
2017-10-24 15:30:21 [main-SendThread(192.168.1.125:2181)] DEBUG org.apache.zookeeper.ClientCnxn - Reading reply sessionid:0x15f4d0651ab000b, packet:: clientPath:null serverPath:null finished:false header:: 4,1  replyHeader:: 4,193,0  request:: '/dubbo/com.hogense.roomgame.service.interfaces.AccountService/providers/dubbo%253A%252F%252F192.168.1.125%253A20881%252Fcom.hogense.roomgame.service.interfaces.AccountService%253Factives%253D1000%2526anyhost%253Dtrue%2526application%253Dpdmjdbserver01%2526dubbo%253D2.0.0%2526interface%253Dcom.hogense.roomgame.service.interfaces.AccountService%2526loadbalance%253Drandom%2526methods%253DgetUserByOpenId%252CgetUserByAccount%252CloginByUid%252CloginByThirdPart%2526pid%253D2973%2526retries%253D2%2526side%253Dprovider%2526threads%253D1024%2526timeout%253D10000%2526timestamp%253D1508830186701,,v{s{31,s{'world,'anyone}}},1  response:: '/dubbo/com.hogense.roomgame.service.interfaces.AccountService/providers/dubbo%253A%252F%252F192.168.1.125%253A20881%252Fcom.hogense.roomgame.service.interfaces.AccountService%253Factives%253D1000%2526anyhost%253Dtrue%2526application%253Dpdmjdbserver01%2526dubbo%253D2.0.0%2526interface%253Dcom.hogense.roomgame.service.interfaces.AccountService%2526loadbalance%253Drandom%2526methods%253DgetUserByOpenId%252CgetUserByAccount%252CloginByUid%252CloginByThirdPart%2526pid%253D2973%2526retries%253D2%2526side%253Dprovider%2526threads%253D1024%2526timeout%253D10000%2526timestamp%253D1508830186701 
2017-10-24 15:30:21 [main] INFO  c.a.dubbo.registry.zookeeper.ZookeeperRegistry -  [DUBBO] Subscribe: provider://192.168.1.125:20881/com.hogense.roomgame.service.interfaces.AccountService?actives=1000&anyhost=true&application=pdmjdbserver01&category=configurators&check=false&dubbo=2.0.0&interface=com.hogense.roomgame.service.interfaces.AccountService&loadbalance=random&methods=getUserByOpenId,getUserByAccount,loginByUid,loginByThirdPart&pid=2973&retries=2&side=provider&threads=1024&timeout=10000&timestamp=1508830186701, dubbo version: 2.0.0, current host: 127.0.0.1
2017-10-24 15:30:21 [main-SendThread(192.168.1.125:2181)] DEBUG org.apache.zookeeper.ClientCnxn - Reading reply sessionid:0x15f4d0651ab000b, packet:: clientPath:null serverPath:null finished:false header:: 5,1  replyHeader:: 5,194,-110  request:: '/dubbo,,v{s{31,s{'world,'anyone}}},0  response::  
2017-10-24 15:30:21 [main-SendThread(192.168.1.125:2181)] DEBUG org.apache.zookeeper.ClientCnxn - Reading reply sessionid:0x15f4d0651ab000b, packet:: clientPath:null serverPath:null finished:false header:: 6,1  replyHeader:: 6,195,-110  request:: '/dubbo/com.hogense.roomgame.service.interfaces.AccountService,,v{s{31,s{'world,'anyone}}},0  response::  
2017-10-24 15:30:21 [main-SendThread(192.168.1.125:2181)] DEBUG org.apache.zookeeper.ClientCnxn - Reading reply sessionid:0x15f4d0651ab000b, packet:: clientPath:null serverPath:null finished:false header:: 7,1  replyHeader:: 7,196,-110  request:: '/dubbo/com.hogense.roomgame.service.interfaces.AccountService/configurators,,v{s{31,s{'world,'anyone}}},0  response::  
2017-10-24 15:30:21 [main-SendThread(192.168.1.125:2181)] DEBUG org.apache.zookeeper.ClientCnxn - Reading reply sessionid:0x15f4d0651ab000b, packet:: clientPath:null serverPath:null finished:false header:: 8,3  replyHeader:: 8,196,0  request:: '/dubbo/com.hogense.roomgame.service.interfaces.AccountService/configurators,T  response:: s{24,24,1508826836698,1508826836698,0,0,0,0,0,0,24} 
2017-10-24 15:30:21 [main-SendThread(192.168.1.125:2181)] DEBUG org.apache.zookeeper.ClientCnxn - Reading reply sessionid:0x15f4d0651ab000b, packet:: clientPath:null serverPath:null finished:false header:: 9,8  replyHeader:: 9,196,0  request:: '/dubbo/com.hogense.roomgame.service.interfaces.AccountService/configurators,T  response:: v{} 
2017-10-24 15:30:21 [main] INFO  c.a.dubbo.registry.zookeeper.ZookeeperRegistry -  [DUBBO] Notify urls for subscribe url provider://192.168.1.125:20881/com.hogense.roomgame.service.interfaces.AccountService?actives=1000&anyhost=true&application=pdmjdbserver01&category=configurators&check=false&dubbo=2.0.0&interface=com.hogense.roomgame.service.interfaces.AccountService&loadbalance=random&methods=getUserByOpenId,getUserByAccount,loginByUid,loginByThirdPart&pid=2973&retries=2&side=provider&threads=1024&timeout=10000&timestamp=1508830186701, urls: [empty://192.168.1.125:20881/com.hogense.roomgame.service.interfaces.AccountService?actives=1000&anyhost=true&application=pdmjdbserver01&category=configurators&check=false&dubbo=2.0.0&interface=com.hogense.roomgame.service.interfaces.AccountService&loadbalance=random&methods=getUserByOpenId,getUserByAccount,loginByUid,loginByThirdPart&pid=2973&retries=2&side=provider&threads=1024&timeout=10000&timestamp=1508830186701], dubbo version: 2.0.0, current host: 127.0.0.1
2017-10-24 15:30:22 [main] DEBUG com.alibaba.dubbo.common.extension.ExtensionLoader -  [DUBBO] package com.alibaba.dubbo.rpc.cluster;
import com.alibaba.dubbo.common.extension.ExtensionLoader;
public class RouterFactory$Adpative implements com.alibaba.dubbo.rpc.cluster.RouterFactory {
public com.alibaba.dubbo.rpc.cluster.Router getRouter(com.alibaba.dubbo.common.URL arg0) {
if (arg0 == null) throw new IllegalArgumentException("url == null");
com.alibaba.dubbo.common.URL url = arg0;
String extName = url.getProtocol();
if(extName == null) throw new IllegalStateException("Fail to get extension(com.alibaba.dubbo.rpc.cluster.RouterFactory) name from url(" + url.toString() + ") use keys([protocol])");
com.alibaba.dubbo.rpc.cluster.RouterFactory extension = (com.alibaba.dubbo.rpc.cluster.RouterFactory)ExtensionLoader.getExtensionLoader(com.alibaba.dubbo.rpc.cluster.RouterFactory.class).getExtension(extName);
return extension.getRouter(arg0);
}
}, dubbo version: 2.0.0, current host: 127.0.0.1
2017-10-24 15:30:23 [main] DEBUG com.alibaba.dubbo.common.extension.ExtensionLoader -  [DUBBO] package com.alibaba.dubbo.rpc.cluster;
import com.alibaba.dubbo.common.extension.ExtensionLoader;
public class ConfiguratorFactory$Adpative implements com.alibaba.dubbo.rpc.cluster.ConfiguratorFactory {
public com.alibaba.dubbo.rpc.cluster.Configurator getConfigurator(com.alibaba.dubbo.common.URL arg0) {
if (arg0 == null) throw new IllegalArgumentException("url == null");
com.alibaba.dubbo.common.URL url = arg0;
String extName = url.getProtocol();
if(extName == null) throw new IllegalStateException("Fail to get extension(com.alibaba.dubbo.rpc.cluster.ConfiguratorFactory) name from url(" + url.toString() + ") use keys([protocol])");
com.alibaba.dubbo.rpc.cluster.ConfiguratorFactory extension = (com.alibaba.dubbo.rpc.cluster.ConfiguratorFactory)ExtensionLoader.getExtensionLoader(com.alibaba.dubbo.rpc.cluster.ConfiguratorFactory.class).getExtension(extName);
return extension.getConfigurator(arg0);
}
}, dubbo version: 2.0.0, current host: 127.0.0.1
2017-10-24 15:30:25 [main] INFO  com.alibaba.dubbo.config.AbstractConfig -  [DUBBO] The service ready on spring started. service: com.hogense.roomgame.service.interfaces.RoomService, dubbo version: 2.0.0, current host: 127.0.0.1
2017-10-24 15:30:31 [main-SendThread(192.168.1.125:2181)] DEBUG org.apache.zookeeper.ClientCnxn - Got ping response for sessionid: 0x15f4d0651ab000b after 0ms
2017-10-24 15:30:32 [main] INFO  com.alibaba.dubbo.config.AbstractConfig -  [DUBBO] Export dubbo service com.hogense.roomgame.service.interfaces.RoomService to local registry, dubbo version: 2.0.0, current host: 127.0.0.1
2017-10-24 15:30:32 [main] INFO  com.alibaba.dubbo.config.AbstractConfig -  [DUBBO] Export dubbo service com.hogense.roomgame.service.interfaces.RoomService to url dubbo://192.168.1.125:20881/com.hogense.roomgame.service.interfaces.RoomService?actives=1000&anyhost=true&application=pdmjdbserver01&dubbo=2.0.0&interface=com.hogense.roomgame.service.interfaces.RoomService&loadbalance=random&methods=exitRoom,getCurRoomInfo,payRoom,joinRoom,autoCreateRoom,batchUpdate,freeRoom,excuteupdate,createRoom,freeRooms,getRoomInfo&pid=2973&retries=2&side=provider&threads=1024&timeout=10000&timestamp=1508830230203, dubbo version: 2.0.0, current host: 127.0.0.1
2017-10-24 15:30:32 [main] INFO  com.alibaba.dubbo.config.AbstractConfig -  [DUBBO] Register dubbo service com.hogense.roomgame.service.interfaces.RoomService url dubbo://192.168.1.125:20881/com.hogense.roomgame.service.interfaces.RoomService?actives=1000&anyhost=true&application=pdmjdbserver01&dubbo=2.0.0&interface=com.hogense.roomgame.service.interfaces.RoomService&loadbalance=random&methods=exitRoom,getCurRoomInfo,payRoom,joinRoom,autoCreateRoom,batchUpdate,freeRoom,excuteupdate,createRoom,freeRooms,getRoomInfo&pid=2973&retries=2&side=provider&threads=1024&timeout=10000&timestamp=1508830230203 to registry registry://192.168.1.125:2181/com.alibaba.dubbo.registry.RegistryService?application=pdmjdbserver01&dubbo=2.0.0&pid=2973&registry=zookeeper&timestamp=1508830225198, dubbo version: 2.0.0, current host: 127.0.0.1
2017-10-24 15:30:32 [main] INFO  c.a.dubbo.registry.zookeeper.ZookeeperRegistry -  [DUBBO] Register: dubbo://192.168.1.125:20881/com.hogense.roomgame.service.interfaces.RoomService?actives=1000&anyhost=true&application=pdmjdbserver01&dubbo=2.0.0&interface=com.hogense.roomgame.service.interfaces.RoomService&loadbalance=random&methods=exitRoom,getCurRoomInfo,payRoom,joinRoom,autoCreateRoom,batchUpdate,freeRoom,excuteupdate,createRoom,freeRooms,getRoomInfo&pid=2973&retries=2&side=provider&threads=1024&timeout=10000&timestamp=1508830230203, dubbo version: 2.0.0, current host: 127.0.0.1
2017-10-24 15:30:32 [main-SendThread(192.168.1.125:2181)] DEBUG org.apache.zookeeper.ClientCnxn - Reading reply sessionid:0x15f4d0651ab000b, packet:: clientPath:null serverPath:null finished:false header:: 10,1  replyHeader:: 10,197,-110  request:: '/dubbo,,v{s{31,s{'world,'anyone}}},0  response::  
2017-10-24 15:30:32 [main-SendThread(192.168.1.125:2181)] DEBUG org.apache.zookeeper.ClientCnxn - Reading reply sessionid:0x15f4d0651ab000b, packet:: clientPath:null serverPath:null finished:false header:: 11,1  replyHeader:: 11,198,-110  request:: '/dubbo/com.hogense.roomgame.service.interfaces.RoomService,,v{s{31,s{'world,'anyone}}},0  response::  
2017-10-24 15:30:32 [main-SendThread(192.168.1.125:2181)] DEBUG org.apache.zookeeper.ClientCnxn - Reading reply sessionid:0x15f4d0651ab000b, packet:: clientPath:null serverPath:null finished:false header:: 12,1  replyHeader:: 12,199,-110  request:: '/dubbo/com.hogense.roomgame.service.interfaces.RoomService/providers,,v{s{31,s{'world,'anyone}}},0  response::  
2017-10-24 15:30:32 [main-SendThread(192.168.1.125:2181)] DEBUG org.apache.zookeeper.ClientCnxn - Reading reply sessionid:0x15f4d0651ab000b, packet:: clientPath:null serverPath:null finished:false header:: 13,1  replyHeader:: 13,200,0  request:: '/dubbo/com.hogense.roomgame.service.interfaces.RoomService/providers/dubbo%253A%252F%252F192.168.1.125%253A20881%252Fcom.hogense.roomgame.service.interfaces.RoomService%253Factives%253D1000%2526anyhost%253Dtrue%2526application%253Dpdmjdbserver01%2526dubbo%253D2.0.0%2526interface%253Dcom.hogense.roomgame.service.interfaces.RoomService%2526loadbalance%253Drandom%2526methods%253DexitRoom%252CgetCurRoomInfo%252CpayRoom%252CjoinRoom%252CautoCreateRoom%252CbatchUpdate%252CfreeRoom%252Cexcuteupdate%252CcreateRoom%252CfreeRooms%252CgetRoomInfo%2526pid%253D2973%2526retries%253D2%2526side%253Dprovider%2526threads%253D1024%2526timeout%253D10000%2526timestamp%253D1508830230203,,v{s{31,s{'world,'anyone}}},1  response:: '/dubbo/com.hogense.roomgame.service.interfaces.RoomService/providers/dubbo%253A%252F%252F192.168.1.125%253A20881%252Fcom.hogense.roomgame.service.interfaces.RoomService%253Factives%253D1000%2526anyhost%253Dtrue%2526application%253Dpdmjdbserver01%2526dubbo%253D2.0.0%2526interface%253Dcom.hogense.roomgame.service.interfaces.RoomService%2526loadbalance%253Drandom%2526methods%253DexitRoom%252CgetCurRoomInfo%252CpayRoom%252CjoinRoom%252CautoCreateRoom%252CbatchUpdate%252CfreeRoom%252Cexcuteupdate%252CcreateRoom%252CfreeRooms%252CgetRoomInfo%2526pid%253D2973%2526retries%253D2%2526side%253Dprovider%2526threads%253D1024%2526timeout%253D10000%2526timestamp%253D1508830230203 
2017-10-24 15:30:32 [main] INFO  c.a.dubbo.registry.zookeeper.ZookeeperRegistry -  [DUBBO] Subscribe: provider://192.168.1.125:20881/com.hogense.roomgame.service.interfaces.RoomService?actives=1000&anyhost=true&application=pdmjdbserver01&category=configurators&check=false&dubbo=2.0.0&interface=com.hogense.roomgame.service.interfaces.RoomService&loadbalance=random&methods=exitRoom,getCurRoomInfo,payRoom,joinRoom,autoCreateRoom,batchUpdate,freeRoom,excuteupdate,createRoom,freeRooms,getRoomInfo&pid=2973&retries=2&side=provider&threads=1024&timeout=10000&timestamp=1508830230203, dubbo version: 2.0.0, current host: 127.0.0.1
2017-10-24 15:30:32 [main-SendThread(192.168.1.125:2181)] DEBUG org.apache.zookeeper.ClientCnxn - Reading reply sessionid:0x15f4d0651ab000b, packet:: clientPath:null serverPath:null finished:false header:: 14,1  replyHeader:: 14,201,-110  request:: '/dubbo,,v{s{31,s{'world,'anyone}}},0  response::  
2017-10-24 15:30:32 [main-SendThread(192.168.1.125:2181)] DEBUG org.apache.zookeeper.ClientCnxn - Reading reply sessionid:0x15f4d0651ab000b, packet:: clientPath:null serverPath:null finished:false header:: 15,1  replyHeader:: 15,202,-110  request:: '/dubbo/com.hogense.roomgame.service.interfaces.RoomService,,v{s{31,s{'world,'anyone}}},0  response::  
2017-10-24 15:30:32 [main-SendThread(192.168.1.125:2181)] DEBUG org.apache.zookeeper.ClientCnxn - Reading reply sessionid:0x15f4d0651ab000b, packet:: clientPath:null serverPath:null finished:false header:: 16,1  replyHeader:: 16,203,-110  request:: '/dubbo/com.hogense.roomgame.service.interfaces.RoomService/configurators,,v{s{31,s{'world,'anyone}}},0  response::  
2017-10-24 15:30:32 [main-SendThread(192.168.1.125:2181)] DEBUG org.apache.zookeeper.ClientCnxn - Reading reply sessionid:0x15f4d0651ab000b, packet:: clientPath:null serverPath:null finished:false header:: 17,3  replyHeader:: 17,203,0  request:: '/dubbo/com.hogense.roomgame.service.interfaces.RoomService/configurators,T  response:: s{11,11,1508826332831,1508826332831,0,0,0,0,0,0,11} 
2017-10-24 15:30:32 [main-SendThread(192.168.1.125:2181)] DEBUG org.apache.zookeeper.ClientCnxn - Reading reply sessionid:0x15f4d0651ab000b, packet:: clientPath:null serverPath:null finished:false header:: 18,8  replyHeader:: 18,203,0  request:: '/dubbo/com.hogense.roomgame.service.interfaces.RoomService/configurators,T  response:: v{} 
2017-10-24 15:30:32 [main] INFO  c.a.dubbo.registry.zookeeper.ZookeeperRegistry -  [DUBBO] Notify urls for subscribe url provider://192.168.1.125:20881/com.hogense.roomgame.service.interfaces.RoomService?actives=1000&anyhost=true&application=pdmjdbserver01&category=configurators&check=false&dubbo=2.0.0&interface=com.hogense.roomgame.service.interfaces.RoomService&loadbalance=random&methods=exitRoom,getCurRoomInfo,payRoom,joinRoom,autoCreateRoom,batchUpdate,freeRoom,excuteupdate,createRoom,freeRooms,getRoomInfo&pid=2973&retries=2&side=provider&threads=1024&timeout=10000&timestamp=1508830230203, urls: [empty://192.168.1.125:20881/com.hogense.roomgame.service.interfaces.RoomService?actives=1000&anyhost=true&application=pdmjdbserver01&category=configurators&check=false&dubbo=2.0.0&interface=com.hogense.roomgame.service.interfaces.RoomService&loadbalance=random&methods=exitRoom,getCurRoomInfo,payRoom,joinRoom,autoCreateRoom,batchUpdate,freeRoom,excuteupdate,createRoom,freeRooms,getRoomInfo&pid=2973&retries=2&side=provider&threads=1024&timeout=10000&timestamp=1508830230203], dubbo version: 2.0.0, current host: 127.0.0.1
2017-10-24 15:30:32 [main] INFO  com.alibaba.dubbo.config.AbstractConfig -  [DUBBO] The service ready on spring started. service: com.hogense.roomgame.service.interfaces.DaoService, dubbo version: 2.0.0, current host: 127.0.0.1
2017-10-24 15:30:37 [main] INFO  com.alibaba.dubbo.config.AbstractConfig -  [DUBBO] Export dubbo service com.hogense.roomgame.service.interfaces.DaoService to local registry, dubbo version: 2.0.0, current host: 127.0.0.1
2017-10-24 15:30:37 [main] INFO  com.alibaba.dubbo.config.AbstractConfig -  [DUBBO] Export dubbo service com.hogense.roomgame.service.interfaces.DaoService to url dubbo://192.168.1.125:20881/com.hogense.roomgame.service.interfaces.DaoService?actives=1000&anyhost=true&application=pdmjdbserver01&dubbo=2.0.0&interface=com.hogense.roomgame.service.interfaces.DaoService&loadbalance=random&methods=callProfun,queryUnique,queryList&pid=2973&retries=2&side=provider&threads=1024&timeout=5000&timestamp=1508830237501, dubbo version: 2.0.0, current host: 127.0.0.1
2017-10-24 15:30:37 [main] INFO  com.alibaba.dubbo.config.AbstractConfig -  [DUBBO] Register dubbo service com.hogense.roomgame.service.interfaces.DaoService url dubbo://192.168.1.125:20881/com.hogense.roomgame.service.interfaces.DaoService?actives=1000&anyhost=true&application=pdmjdbserver01&dubbo=2.0.0&interface=com.hogense.roomgame.service.interfaces.DaoService&loadbalance=random&methods=callProfun,queryUnique,queryList&pid=2973&retries=2&side=provider&threads=1024&timeout=5000&timestamp=1508830237501 to registry registry://192.168.1.125:2181/com.alibaba.dubbo.registry.RegistryService?application=pdmjdbserver01&dubbo=2.0.0&pid=2973&registry=zookeeper&timestamp=1508830232496, dubbo version: 2.0.0, current host: 127.0.0.1
2017-10-24 15:30:37 [main] INFO  c.a.dubbo.registry.zookeeper.ZookeeperRegistry -  [DUBBO] Register: dubbo://192.168.1.125:20881/com.hogense.roomgame.service.interfaces.DaoService?actives=1000&anyhost=true&application=pdmjdbserver01&dubbo=2.0.0&interface=com.hogense.roomgame.service.interfaces.DaoService&loadbalance=random&methods=callProfun,queryUnique,queryList&pid=2973&retries=2&side=provider&threads=1024&timeout=5000&timestamp=1508830237501, dubbo version: 2.0.0, current host: 127.0.0.1
2017-10-24 15:30:37 [main-SendThread(192.168.1.125:2181)] DEBUG org.apache.zookeeper.ClientCnxn - Reading reply sessionid:0x15f4d0651ab000b, packet:: clientPath:null serverPath:null finished:false header:: 19,1  replyHeader:: 19,204,-110  request:: '/dubbo,,v{s{31,s{'world,'anyone}}},0  response::  
2017-10-24 15:30:37 [main-SendThread(192.168.1.125:2181)] DEBUG org.apache.zookeeper.ClientCnxn - Reading reply sessionid:0x15f4d0651ab000b, packet:: clientPath:null serverPath:null finished:false header:: 20,1  replyHeader:: 20,205,-110  request:: '/dubbo/com.hogense.roomgame.service.interfaces.DaoService,,v{s{31,s{'world,'anyone}}},0  response::  
2017-10-24 15:30:37 [main-SendThread(192.168.1.125:2181)] DEBUG org.apache.zookeeper.ClientCnxn - Reading reply sessionid:0x15f4d0651ab000b, packet:: clientPath:null serverPath:null finished:false header:: 21,1  replyHeader:: 21,206,-110  request:: '/dubbo/com.hogense.roomgame.service.interfaces.DaoService/providers,,v{s{31,s{'world,'anyone}}},0  response::  
2017-10-24 15:30:37 [main-SendThread(192.168.1.125:2181)] DEBUG org.apache.zookeeper.ClientCnxn - Reading reply sessionid:0x15f4d0651ab000b, packet:: clientPath:null serverPath:null finished:false header:: 22,1  replyHeader:: 22,207,0  request:: '/dubbo/com.hogense.roomgame.service.interfaces.DaoService/providers/dubbo%253A%252F%252F192.168.1.125%253A20881%252Fcom.hogense.roomgame.service.interfaces.DaoService%253Factives%253D1000%2526anyhost%253Dtrue%2526application%253Dpdmjdbserver01%2526dubbo%253D2.0.0%2526interface%253Dcom.hogense.roomgame.service.interfaces.DaoService%2526loadbalance%253Drandom%2526methods%253DcallProfun%252CqueryUnique%252CqueryList%2526pid%253D2973%2526retries%253D2%2526side%253Dprovider%2526threads%253D1024%2526timeout%253D5000%2526timestamp%253D1508830237501,,v{s{31,s{'world,'anyone}}},1  response:: '/dubbo/com.hogense.roomgame.service.interfaces.DaoService/providers/dubbo%253A%252F%252F192.168.1.125%253A20881%252Fcom.hogense.roomgame.service.interfaces.DaoService%253Factives%253D1000%2526anyhost%253Dtrue%2526application%253Dpdmjdbserver01%2526dubbo%253D2.0.0%2526interface%253Dcom.hogense.roomgame.service.interfaces.DaoService%2526loadbalance%253Drandom%2526methods%253DcallProfun%252CqueryUnique%252CqueryList%2526pid%253D2973%2526retries%253D2%2526side%253Dprovider%2526threads%253D1024%2526timeout%253D5000%2526timestamp%253D1508830237501 
2017-10-24 15:30:37 [main] INFO  c.a.dubbo.registry.zookeeper.ZookeeperRegistry -  [DUBBO] Subscribe: provider://192.168.1.125:20881/com.hogense.roomgame.service.interfaces.DaoService?actives=1000&anyhost=true&application=pdmjdbserver01&category=configurators&check=false&dubbo=2.0.0&interface=com.hogense.roomgame.service.interfaces.DaoService&loadbalance=random&methods=callProfun,queryUnique,queryList&pid=2973&retries=2&side=provider&threads=1024&timeout=5000&timestamp=1508830237501, dubbo version: 2.0.0, current host: 127.0.0.1
2017-10-24 15:30:37 [main-SendThread(192.168.1.125:2181)] DEBUG org.apache.zookeeper.ClientCnxn - Reading reply sessionid:0x15f4d0651ab000b, packet:: clientPath:null serverPath:null finished:false header:: 23,1  replyHeader:: 23,208,-110  request:: '/dubbo,,v{s{31,s{'world,'anyone}}},0  response::  
2017-10-24 15:30:37 [main-SendThread(192.168.1.125:2181)] DEBUG org.apache.zookeeper.ClientCnxn - Reading reply sessionid:0x15f4d0651ab000b, packet:: clientPath:null serverPath:null finished:false header:: 24,1  replyHeader:: 24,209,-110  request:: '/dubbo/com.hogense.roomgame.service.interfaces.DaoService,,v{s{31,s{'world,'anyone}}},0  response::  
2017-10-24 15:30:37 [main-SendThread(192.168.1.125:2181)] DEBUG org.apache.zookeeper.ClientCnxn - Reading reply sessionid:0x15f4d0651ab000b, packet:: clientPath:null serverPath:null finished:false header:: 25,1  replyHeader:: 25,210,-110  request:: '/dubbo/com.hogense.roomgame.service.interfaces.DaoService/configurators,,v{s{31,s{'world,'anyone}}},0  response::  
2017-10-24 15:30:37 [main-SendThread(192.168.1.125:2181)] DEBUG org.apache.zookeeper.ClientCnxn - Reading reply sessionid:0x15f4d0651ab000b, packet:: clientPath:null serverPath:null finished:false header:: 26,3  replyHeader:: 26,210,0  request:: '/dubbo/com.hogense.roomgame.service.interfaces.DaoService/configurators,T  response:: s{38,38,1508826857715,1508826857715,0,0,0,0,0,0,38} 
2017-10-24 15:30:37 [main-SendThread(192.168.1.125:2181)] DEBUG org.apache.zookeeper.ClientCnxn - Reading reply sessionid:0x15f4d0651ab000b, packet:: clientPath:null serverPath:null finished:false header:: 27,8  replyHeader:: 27,210,0  request:: '/dubbo/com.hogense.roomgame.service.interfaces.DaoService/configurators,T  response:: v{} 
2017-10-24 15:30:37 [main] INFO  c.a.dubbo.registry.zookeeper.ZookeeperRegistry -  [DUBBO] Notify urls for subscribe url provider://192.168.1.125:20881/com.hogense.roomgame.service.interfaces.DaoService?actives=1000&anyhost=true&application=pdmjdbserver01&category=configurators&check=false&dubbo=2.0.0&interface=com.hogense.roomgame.service.interfaces.DaoService&loadbalance=random&methods=callProfun,queryUnique,queryList&pid=2973&retries=2&side=provider&threads=1024&timeout=5000&timestamp=1508830237501, urls: [empty://192.168.1.125:20881/com.hogense.roomgame.service.interfaces.DaoService?actives=1000&anyhost=true&application=pdmjdbserver01&category=configurators&check=false&dubbo=2.0.0&interface=com.hogense.roomgame.service.interfaces.DaoService&loadbalance=random&methods=callProfun,queryUnique,queryList&pid=2973&retries=2&side=provider&threads=1024&timeout=5000&timestamp=1508830237501], dubbo version: 2.0.0, current host: 127.0.0.1
2017-10-24 15:30:38 [main] INFO  com.hogense.service.Server - 服务已启动
2017-10-24 15:30:47 [main-SendThread(192.168.1.125:2181)] DEBUG org.apache.zookeeper.ClientCnxn - Got ping response for sessionid: 0x15f4d0651ab000b after 0ms
2017-10-24 15:30:57 [main-SendThread(192.168.1.125:2181)] DEBUG org.apache.zookeeper.ClientCnxn - Got ping response for sessionid: 0x15f4d0651ab000b after 0ms
2017-10-24 15:31:08 [main-SendThread(192.168.1.125:2181)] DEBUG org.apache.zookeeper.ClientCnxn - Got ping response for sessionid: 0x15f4d0651ab000b after 4ms
2017-10-24 15:31:18 [main-SendThread(192.168.1.125:2181)] DEBUG org.apache.zookeeper.ClientCnxn - Got ping response for sessionid: 0x15f4d0651ab000b after 0ms
2017-10-24 15:31:28 [main-SendThread(192.168.1.125:2181)] DEBUG org.apache.zookeeper.ClientCnxn - Got ping response for sessionid: 0x15f4d0651ab000b after 0ms
2017-10-24 15:31:38 [main-SendThread(192.168.1.125:2181)] DEBUG org.apache.zookeeper.ClientCnxn - Got ping response for sessionid: 0x15f4d0651ab000b after 0ms
2017-10-24 15:31:48 [main-SendThread(192.168.1.125:2181)] DEBUG org.apache.zookeeper.ClientCnxn - Got ping response for sessionid: 0x15f4d0651ab000b after 0ms
2017-10-24 15:31:58 [main-SendThread(192.168.1.125:2181)] DEBUG org.apache.zookeeper.ClientCnxn - Got ping response for sessionid: 0x15f4d0651ab000b after 0ms
2017-10-24 15:32:08 [main-SendThread(192.168.1.125:2181)] DEBUG org.apache.zookeeper.ClientCnxn - Got ping response for sessionid: 0x15f4d0651ab000b after 0ms
2017-10-24 15:32:14 [dubbo-remoting-server-heartbeat-thread-1] DEBUG c.a.d.r.exchange.support.header.HeartBeatTask -  [DUBBO] Send heartbeat to remote channel /192.168.1.125:58201, cause: The channel has no data-transmission exceeds a heartbeat period: 60000ms, dubbo version: 2.0.0, current host: 127.0.0.1
2017-10-24 15:32:14 [New I/O server worker #1-1] DEBUG c.a.d.r.exchange.support.header.HeartbeatHandler -  [DUBBO] Receive heartbeat response in thread New I/O server worker #1-1, dubbo version: 2.0.0, current host: 127.0.0.1
2017-10-24 15:32:18 [main-SendThread(192.168.1.125:2181)] DEBUG org.apache.zookeeper.ClientCnxn - Got ping response for sessionid: 0x15f4d0651ab000b after 0ms
2017-10-24 15:32:28 [main-SendThread(192.168.1.125:2181)] DEBUG org.apache.zookeeper.ClientCnxn - Got ping response for sessionid: 0x15f4d0651ab000b after 0ms
2017-10-24 15:32:38 [main-SendThread(192.168.1.125:2181)] DEBUG org.apache.zookeeper.ClientCnxn - Got ping response for sessionid: 0x15f4d0651ab000b after 0ms
2017-10-24 15:32:48 [main-SendThread(192.168.1.125:2181)] DEBUG org.apache.zookeeper.ClientCnxn - Got ping response for sessionid: 0x15f4d0651ab000b after 0ms
2017-10-24 15:32:58 [main-SendThread(192.168.1.125:2181)] DEBUG org.apache.zookeeper.ClientCnxn - Got ping response for sessionid: 0x15f4d0651ab000b after 0ms
2017-10-24 15:33:08 [main-SendThread(192.168.1.125:2181)] DEBUG org.apache.zookeeper.ClientCnxn - Got ping response for sessionid: 0x15f4d0651ab000b after 0ms
2017-10-24 15:33:14 [dubbo-remoting-server-heartbeat-thread-1] DEBUG c.a.d.r.exchange.support.header.HeartBeatTask -  [DUBBO] Send heartbeat to remote channel /192.168.1.125:58201, cause: The channel has no data-transmission exceeds a heartbeat period: 60000ms, dubbo version: 2.0.0, current host: 127.0.0.1
2017-10-24 15:33:14 [New I/O server worker #1-1] DEBUG c.a.d.r.exchange.support.header.HeartbeatHandler -  [DUBBO] Receive heartbeat response in thread New I/O server worker #1-1, dubbo version: 2.0.0, current host: 127.0.0.1
2017-10-24 15:33:18 [main-SendThread(192.168.1.125:2181)] DEBUG org.apache.zookeeper.ClientCnxn - Got ping response for sessionid: 0x15f4d0651ab000b after 0ms
2017-10-24 15:33:28 [main-SendThread(192.168.1.125:2181)] DEBUG org.apache.zookeeper.ClientCnxn - Got ping response for sessionid: 0x15f4d0651ab000b after 0ms
2017-10-24 15:33:38 [main-SendThread(192.168.1.125:2181)] DEBUG org.apache.zookeeper.ClientCnxn - Got ping response for sessionid: 0x15f4d0651ab000b after 0ms
2017-10-24 15:33:48 [main-SendThread(192.168.1.125:2181)] DEBUG org.apache.zookeeper.ClientCnxn - Got ping response for sessionid: 0x15f4d0651ab000b after 0ms
2017-10-24 15:33:58 [main-SendThread(192.168.1.125:2181)] DEBUG org.apache.zookeeper.ClientCnxn - Got ping response for sessionid: 0x15f4d0651ab000b after 0ms
2017-10-24 15:34:08 [main-SendThread(192.168.1.125:2181)] DEBUG org.apache.zookeeper.ClientCnxn - Got ping response for sessionid: 0x15f4d0651ab000b after 1ms
2017-10-24 15:34:14 [dubbo-remoting-server-heartbeat-thread-1] DEBUG c.a.d.r.exchange.support.header.HeartBeatTask -  [DUBBO] Send heartbeat to remote channel /192.168.1.125:58201, cause: The channel has no data-transmission exceeds a heartbeat period: 60000ms, dubbo version: 2.0.0, current host: 127.0.0.1
2017-10-24 15:34:14 [New I/O server worker #1-1] DEBUG c.a.d.r.exchange.support.header.HeartbeatHandler -  [DUBBO] Receive heartbeat response in thread New I/O server worker #1-1, dubbo version: 2.0.0, current host: 127.0.0.1
2017-10-24 15:34:18 [main-SendThread(192.168.1.125:2181)] DEBUG org.apache.zookeeper.ClientCnxn - Got ping response for sessionid: 0x15f4d0651ab000b after 0ms
2017-10-24 15:34:28 [main-SendThread(192.168.1.125:2181)] DEBUG org.apache.zookeeper.ClientCnxn - Got ping response for sessionid: 0x15f4d0651ab000b after 0ms
2017-10-24 15:34:38 [main-SendThread(192.168.1.125:2181)] DEBUG org.apache.zookeeper.ClientCnxn - Got ping response for sessionid: 0x15f4d0651ab000b after 0ms
2017-10-24 15:34:48 [main-SendThread(192.168.1.125:2181)] DEBUG org.apache.zookeeper.ClientCnxn - Got ping response for sessionid: 0x15f4d0651ab000b after 0ms
2017-10-24 15:34:58 [main-SendThread(192.168.1.125:2181)] DEBUG org.apache.zookeeper.ClientCnxn - Got ping response for sessionid: 0x15f4d0651ab000b after 0ms
2017-10-24 15:35:08 [main-SendThread(192.168.1.125:2181)] DEBUG org.apache.zookeeper.ClientCnxn - Got ping response for sessionid: 0x15f4d0651ab000b after 0ms
2017-10-24 15:35:14 [dubbo-remoting-server-heartbeat-thread-1] DEBUG c.a.d.r.exchange.support.header.HeartBeatTask -  [DUBBO] Send heartbeat to remote channel /192.168.1.125:58201, cause: The channel has no data-transmission exceeds a heartbeat period: 60000ms, dubbo version: 2.0.0, current host: 127.0.0.1
2017-10-24 15:35:14 [New I/O server worker #1-1] DEBUG c.a.d.r.exchange.support.header.HeartbeatHandler -  [DUBBO] Receive heartbeat response in thread New I/O server worker #1-1, dubbo version: 2.0.0, current host: 127.0.0.1
2017-10-24 15:35:18 [main-SendThread(192.168.1.125:2181)] DEBUG org.apache.zookeeper.ClientCnxn - Got ping response for sessionid: 0x15f4d0651ab000b after 0ms
2017-10-24 15:35:28 [main-SendThread(192.168.1.125:2181)] DEBUG org.apache.zookeeper.ClientCnxn - Got ping response for sessionid: 0x15f4d0651ab000b after 0ms
2017-10-24 15:35:38 [main-SendThread(192.168.1.125:2181)] DEBUG org.apache.zookeeper.ClientCnxn - Got ping response for sessionid: 0x15f4d0651ab000b after 0ms
2017-10-24 15:35:48 [main-SendThread(192.168.1.125:2181)] DEBUG org.apache.zookeeper.ClientCnxn - Got ping response for sessionid: 0x15f4d0651ab000b after 0ms
2017-10-24 15:35:58 [main-SendThread(192.168.1.125:2181)] DEBUG org.apache.zookeeper.ClientCnxn - Got ping response for sessionid: 0x15f4d0651ab000b after 0ms
2017-10-24 15:36:08 [main-SendThread(192.168.1.125:2181)] DEBUG org.apache.zookeeper.ClientCnxn - Got ping response for sessionid: 0x15f4d0651ab000b after 0ms
2017-10-24 15:36:14 [dubbo-remoting-server-heartbeat-thread-1] DEBUG c.a.d.r.exchange.support.header.HeartBeatTask -  [DUBBO] Send heartbeat to remote channel /192.168.1.125:58201, cause: The channel has no data-transmission exceeds a heartbeat period: 60000ms, dubbo version: 2.0.0, current host: 127.0.0.1
2017-10-24 15:36:14 [New I/O server worker #1-1] DEBUG c.a.d.r.exchange.support.header.HeartbeatHandler -  [DUBBO] Receive heartbeat response in thread New I/O server worker #1-1, dubbo version: 2.0.0, current host: 127.0.0.1
2017-10-24 15:36:18 [main-SendThread(192.168.1.125:2181)] DEBUG org.apache.zookeeper.ClientCnxn - Got ping response for sessionid: 0x15f4d0651ab000b after 0ms
2017-10-24 15:36:28 [main-SendThread(192.168.1.125:2181)] DEBUG org.apache.zookeeper.ClientCnxn - Got ping response for sessionid: 0x15f4d0651ab000b after 0ms
2017-10-24 15:36:38 [main-SendThread(192.168.1.125:2181)] DEBUG org.apache.zookeeper.ClientCnxn - Got ping response for sessionid: 0x15f4d0651ab000b after 0ms
2017-10-24 15:36:48 [main-SendThread(192.168.1.125:2181)] DEBUG org.apache.zookeeper.ClientCnxn - Got ping response for sessionid: 0x15f4d0651ab000b after 0ms
2017-10-24 15:36:58 [main-SendThread(192.168.1.125:2181)] DEBUG org.apache.zookeeper.ClientCnxn - Got ping response for sessionid: 0x15f4d0651ab000b after 0ms
2017-10-24 15:37:08 [main-SendThread(192.168.1.125:2181)] DEBUG org.apache.zookeeper.ClientCnxn - Got ping response for sessionid: 0x15f4d0651ab000b after 0ms
2017-10-24 15:37:14 [dubbo-remoting-server-heartbeat-thread-1] DEBUG c.a.d.r.exchange.support.header.HeartBeatTask -  [DUBBO] Send heartbeat to remote channel /192.168.1.125:58201, cause: The channel has no data-transmission exceeds a heartbeat period: 60000ms, dubbo version: 2.0.0, current host: 127.0.0.1
2017-10-24 15:37:14 [New I/O server worker #1-1] DEBUG c.a.d.r.exchange.support.header.HeartbeatHandler -  [DUBBO] Receive heartbeat response in thread New I/O server worker #1-1, dubbo version: 2.0.0, current host: 127.0.0.1
2017-10-24 15:37:18 [main-SendThread(192.168.1.125:2181)] DEBUG org.apache.zookeeper.ClientCnxn - Got ping response for sessionid: 0x15f4d0651ab000b after 0ms
2017-10-24 15:37:28 [main-SendThread(192.168.1.125:2181)] DEBUG org.apache.zookeeper.ClientCnxn - Got ping response for sessionid: 0x15f4d0651ab000b after 0ms
2017-10-24 15:37:38 [main-SendThread(192.168.1.125:2181)] DEBUG org.apache.zookeeper.ClientCnxn - Got ping response for sessionid: 0x15f4d0651ab000b after 0ms
2017-10-24 15:37:48 [main-SendThread(192.168.1.125:2181)] DEBUG org.apache.zookeeper.ClientCnxn - Got ping response for sessionid: 0x15f4d0651ab000b after 0ms
2017-10-24 15:37:58 [main-SendThread(192.168.1.125:2181)] DEBUG org.apache.zookeeper.ClientCnxn - Got ping response for sessionid: 0x15f4d0651ab000b after 0ms
2017-10-24 15:38:08 [main-SendThread(192.168.1.125:2181)] DEBUG org.apache.zookeeper.ClientCnxn - Got ping response for sessionid: 0x15f4d0651ab000b after 0ms
2017-10-24 15:38:14 [dubbo-remoting-server-heartbeat-thread-1] DEBUG c.a.d.r.exchange.support.header.HeartBeatTask -  [DUBBO] Send heartbeat to remote channel /192.168.1.125:58201, cause: The channel has no data-transmission exceeds a heartbeat period: 60000ms, dubbo version: 2.0.0, current host: 127.0.0.1
2017-10-24 15:38:14 [New I/O server worker #1-1] DEBUG c.a.d.r.exchange.support.header.HeartbeatHandler -  [DUBBO] Receive heartbeat response in thread New I/O server worker #1-1, dubbo version: 2.0.0, current host: 127.0.0.1
2017-10-24 15:38:18 [main-SendThread(192.168.1.125:2181)] DEBUG org.apache.zookeeper.ClientCnxn - Got ping response for sessionid: 0x15f4d0651ab000b after 0ms
2017-10-24 15:38:28 [main-SendThread(192.168.1.125:2181)] DEBUG org.apache.zookeeper.ClientCnxn - Got ping response for sessionid: 0x15f4d0651ab000b after 0ms
2017-10-24 15:38:38 [main-SendThread(192.168.1.125:2181)] DEBUG org.apache.zookeeper.ClientCnxn - Got ping response for sessionid: 0x15f4d0651ab000b after 0ms
2017-10-24 15:38:48 [main-SendThread(192.168.1.125:2181)] DEBUG org.apache.zookeeper.ClientCnxn - Got ping response for sessionid: 0x15f4d0651ab000b after 0ms
2017-10-24 15:38:58 [main-SendThread(192.168.1.125:2181)] DEBUG org.apache.zookeeper.ClientCnxn - Got ping response for sessionid: 0x15f4d0651ab000b after 0ms
2017-10-24 15:39:08 [main-SendThread(192.168.1.125:2181)] DEBUG org.apache.zookeeper.ClientCnxn - Got ping response for sessionid: 0x15f4d0651ab000b after 0ms
2017-10-24 15:39:14 [dubbo-remoting-server-heartbeat-thread-1] DEBUG c.a.d.r.exchange.support.header.HeartBeatTask -  [DUBBO] Send heartbeat to remote channel /192.168.1.125:58201, cause: The channel has no data-transmission exceeds a heartbeat period: 60000ms, dubbo version: 2.0.0, current host: 127.0.0.1
2017-10-24 15:39:14 [New I/O server worker #1-1] DEBUG c.a.d.r.exchange.support.header.HeartbeatHandler -  [DUBBO] Receive heartbeat response in thread New I/O server worker #1-1, dubbo version: 2.0.0, current host: 127.0.0.1
2017-10-24 15:39:18 [main-SendThread(192.168.1.125:2181)] DEBUG org.apache.zookeeper.ClientCnxn - Got ping response for sessionid: 0x15f4d0651ab000b after 0ms
2017-10-24 15:39:28 [main-SendThread(192.168.1.125:2181)] DEBUG org.apache.zookeeper.ClientCnxn - Got ping response for sessionid: 0x15f4d0651ab000b after 0ms
2017-10-24 15:39:38 [main-SendThread(192.168.1.125:2181)] DEBUG org.apache.zookeeper.ClientCnxn - Got ping response for sessionid: 0x15f4d0651ab000b after 0ms
2017-10-24 15:39:48 [main-SendThread(192.168.1.125:2181)] DEBUG org.apache.zookeeper.ClientCnxn - Got ping response for sessionid: 0x15f4d0651ab000b after 0ms
2017-10-24 15:39:58 [main-SendThread(192.168.1.125:2181)] DEBUG org.apache.zookeeper.ClientCnxn - Got ping response for sessionid: 0x15f4d0651ab000b after 0ms
2017-10-24 15:40:08 [main-SendThread(192.168.1.125:2181)] DEBUG org.apache.zookeeper.ClientCnxn - Got ping response for sessionid: 0x15f4d0651ab000b after 0ms
2017-10-24 15:40:18 [main-SendThread(192.168.1.125:2181)] DEBUG org.apache.zookeeper.ClientCnxn - Got ping response for sessionid: 0x15f4d0651ab000b after 0ms
2017-10-24 15:40:28 [main-SendThread(192.168.1.125:2181)] DEBUG org.apache.zookeeper.ClientCnxn - Got ping response for sessionid: 0x15f4d0651ab000b after 1ms
2017-10-24 15:40:32 [New I/O server worker #1-1] DEBUG c.a.d.r.exchange.support.header.HeartbeatHandler -  [DUBBO] Received heartbeat from remote channel /192.168.1.125:58201, cause: The channel has no data-transmission exceeds a heartbeat period: 60000ms, dubbo version: 2.0.0, current host: 127.0.0.1
2017-10-24 15:40:38 [main-SendThread(192.168.1.125:2181)] DEBUG org.apache.zookeeper.ClientCnxn - Got ping response for sessionid: 0x15f4d0651ab000b after 0ms
2017-10-24 15:40:48 [main-SendThread(192.168.1.125:2181)] DEBUG org.apache.zookeeper.ClientCnxn - Got ping response for sessionid: 0x15f4d0651ab000b after 0ms
2017-10-24 15:40:58 [main-SendThread(192.168.1.125:2181)] DEBUG org.apache.zookeeper.ClientCnxn - Got ping response for sessionid: 0x15f4d0651ab000b after 0ms
2017-10-24 15:41:08 [main-SendThread(192.168.1.125:2181)] DEBUG org.apache.zookeeper.ClientCnxn - Got ping response for sessionid: 0x15f4d0651ab000b after 0ms
2017-10-24 15:41:18 [main-SendThread(192.168.1.125:2181)] DEBUG org.apache.zookeeper.ClientCnxn - Got ping response for sessionid: 0x15f4d0651ab000b after 0ms
2017-10-24 15:41:28 [main-SendThread(192.168.1.125:2181)] DEBUG org.apache.zookeeper.ClientCnxn - Got ping response for sessionid: 0x15f4d0651ab000b after 0ms
2017-10-24 15:41:32 [New I/O server worker #1-1] DEBUG c.a.d.r.exchange.support.header.HeartbeatHandler -  [DUBBO] Received heartbeat from remote channel /192.168.1.125:58201, cause: The channel has no data-transmission exceeds a heartbeat period: 60000ms, dubbo version: 2.0.0, current host: 127.0.0.1
2017-10-24 15:41:38 [main-SendThread(192.168.1.125:2181)] DEBUG org.apache.zookeeper.ClientCnxn - Got ping response for sessionid: 0x15f4d0651ab000b after 0ms
2017-10-24 15:41:48 [main-SendThread(192.168.1.125:2181)] DEBUG org.apache.zookeeper.ClientCnxn - Got ping response for sessionid: 0x15f4d0651ab000b after 0ms
2017-10-24 15:41:58 [main-SendThread(192.168.1.125:2181)] DEBUG org.apache.zookeeper.ClientCnxn - Got ping response for sessionid: 0x15f4d0651ab000b after 0ms
2017-10-24 15:42:08 [main-SendThread(192.168.1.125:2181)] DEBUG org.apache.zookeeper.ClientCnxn - Got ping response for sessionid: 0x15f4d0651ab000b after 0ms
2017-10-24 15:42:18 [main-SendThread(192.168.1.125:2181)] DEBUG org.apache.zookeeper.ClientCnxn - Got ping response for sessionid: 0x15f4d0651ab000b after 0ms
2017-10-24 15:42:28 [main-SendThread(192.168.1.125:2181)] DEBUG org.apache.zookeeper.ClientCnxn - Got ping response for sessionid: 0x15f4d0651ab000b after 0ms
2017-10-24 15:42:32 [New I/O server worker #1-1] DEBUG c.a.d.r.exchange.support.header.HeartbeatHandler -  [DUBBO] Received heartbeat from remote channel /192.168.1.125:58201, cause: The channel has no data-transmission exceeds a heartbeat period: 60000ms, dubbo version: 2.0.0, current host: 127.0.0.1
2017-10-24 15:42:38 [main-SendThread(192.168.1.125:2181)] DEBUG org.apache.zookeeper.ClientCnxn - Got ping response for sessionid: 0x15f4d0651ab000b after 0ms
2017-10-24 15:42:48 [main-SendThread(192.168.1.125:2181)] DEBUG org.apache.zookeeper.ClientCnxn - Got ping response for sessionid: 0x15f4d0651ab000b after 0ms
2017-10-24 15:42:58 [main-SendThread(192.168.1.125:2181)] DEBUG org.apache.zookeeper.ClientCnxn - Got ping response for sessionid: 0x15f4d0651ab000b after 0ms
2017-10-24 15:43:08 [main-SendThread(192.168.1.125:2181)] DEBUG org.apache.zookeeper.ClientCnxn - Got ping response for sessionid: 0x15f4d0651ab000b after 0ms
2017-10-24 15:43:18 [main-SendThread(192.168.1.125:2181)] DEBUG org.apache.zookeeper.ClientCnxn - Got ping response for sessionid: 0x15f4d0651ab000b after 0ms
2017-10-24 15:43:28 [main-SendThread(192.168.1.125:2181)] DEBUG org.apache.zookeeper.ClientCnxn - Got ping response for sessionid: 0x15f4d0651ab000b after 0ms
2017-10-24 15:43:38 [main-SendThread(192.168.1.125:2181)] DEBUG org.apache.zookeeper.ClientCnxn - Got ping response for sessionid: 0x15f4d0651ab000b after 0ms
2017-10-24 15:43:48 [main-SendThread(192.168.1.125:2181)] DEBUG org.apache.zookeeper.ClientCnxn - Got ping response for sessionid: 0x15f4d0651ab000b after 0ms
2017-10-24 15:43:58 [main-SendThread(192.168.1.125:2181)] DEBUG org.apache.zookeeper.ClientCnxn - Got ping response for sessionid: 0x15f4d0651ab000b after 0ms
2017-10-24 15:44:08 [main-SendThread(192.168.1.125:2181)] DEBUG org.apache.zookeeper.ClientCnxn - Got ping response for sessionid: 0x15f4d0651ab000b after 0ms
2017-10-24 15:44:14 [dubbo-remoting-server-heartbeat-thread-1] DEBUG c.a.d.r.exchange.support.header.HeartBeatTask -  [DUBBO] Send heartbeat to remote channel /192.168.1.125:58201, cause: The channel has no data-transmission exceeds a heartbeat period: 60000ms, dubbo version: 2.0.0, current host: 127.0.0.1
2017-10-24 15:44:14 [New I/O server worker #1-1] DEBUG c.a.d.r.exchange.support.header.HeartbeatHandler -  [DUBBO] Receive heartbeat response in thread New I/O server worker #1-1, dubbo version: 2.0.0, current host: 127.0.0.1
2017-10-24 15:44:18 [main-SendThread(192.168.1.125:2181)] DEBUG org.apache.zookeeper.ClientCnxn - Got ping response for sessionid: 0x15f4d0651ab000b after 0ms
2017-10-24 15:44:28 [main-SendThread(192.168.1.125:2181)] DEBUG org.apache.zookeeper.ClientCnxn - Got ping response for sessionid: 0x15f4d0651ab000b after 0ms
2017-10-24 15:44:38 [main-SendThread(192.168.1.125:2181)] DEBUG org.apache.zookeeper.ClientCnxn - Got ping response for sessionid: 0x15f4d0651ab000b after 0ms
2017-10-24 15:44:48 [main-SendThread(192.168.1.125:2181)] DEBUG org.apache.zookeeper.ClientCnxn - Got ping response for sessionid: 0x15f4d0651ab000b after 0ms
2017-10-24 15:44:58 [main-SendThread(192.168.1.125:2181)] DEBUG org.apache.zookeeper.ClientCnxn - Got ping response for sessionid: 0x15f4d0651ab000b after 0ms
2017-10-24 15:45:08 [main-SendThread(192.168.1.125:2181)] DEBUG org.apache.zookeeper.ClientCnxn - Got ping response for sessionid: 0x15f4d0651ab000b after 0ms
2017-10-24 15:45:14 [dubbo-remoting-server-heartbeat-thread-1] DEBUG c.a.d.r.exchange.support.header.HeartBeatTask -  [DUBBO] Send heartbeat to remote channel /192.168.1.125:58201, cause: The channel has no data-transmission exceeds a heartbeat period: 60000ms, dubbo version: 2.0.0, current host: 127.0.0.1
2017-10-24 15:45:14 [New I/O server worker #1-1] DEBUG c.a.d.r.exchange.support.header.HeartbeatHandler -  [DUBBO] Receive heartbeat response in thread New I/O server worker #1-1, dubbo version: 2.0.0, current host: 127.0.0.1
2017-10-24 15:45:18 [main-SendThread(192.168.1.125:2181)] DEBUG org.apache.zookeeper.ClientCnxn - Got ping response for sessionid: 0x15f4d0651ab000b after 0ms
2017-10-24 15:45:28 [main-SendThread(192.168.1.125:2181)] DEBUG org.apache.zookeeper.ClientCnxn - Got ping response for sessionid: 0x15f4d0651ab000b after 0ms
2017-10-24 15:45:38 [main-SendThread(192.168.1.125:2181)] DEBUG org.apache.zookeeper.ClientCnxn - Got ping response for sessionid: 0x15f4d0651ab000b after 0ms
2017-10-24 15:45:48 [main-SendThread(192.168.1.125:2181)] DEBUG org.apache.zookeeper.ClientCnxn - Got ping response for sessionid: 0x15f4d0651ab000b after 0ms
2017-10-24 15:45:58 [main-SendThread(192.168.1.125:2181)] DEBUG org.apache.zookeeper.ClientCnxn - Got ping response for sessionid: 0x15f4d0651ab000b after 0ms
2017-10-24 15:46:08 [main-SendThread(192.168.1.125:2181)] DEBUG org.apache.zookeeper.ClientCnxn - Got ping response for sessionid: 0x15f4d0651ab000b after 0ms
2017-10-24 15:46:14 [dubbo-remoting-server-heartbeat-thread-1] DEBUG c.a.d.r.exchange.support.header.HeartBeatTask -  [DUBBO] Send heartbeat to remote channel /192.168.1.125:58201, cause: The channel has no data-transmission exceeds a heartbeat period: 60000ms, dubbo version: 2.0.0, current host: 127.0.0.1
2017-10-24 15:46:14 [New I/O server worker #1-1] DEBUG c.a.d.r.exchange.support.header.HeartbeatHandler -  [DUBBO] Receive heartbeat response in thread New I/O server worker #1-1, dubbo version: 2.0.0, current host: 127.0.0.1
2017-10-24 15:46:18 [main-SendThread(192.168.1.125:2181)] DEBUG org.apache.zookeeper.ClientCnxn - Got ping response for sessionid: 0x15f4d0651ab000b after 0ms
2017-10-24 15:46:28 [main-SendThread(192.168.1.125:2181)] DEBUG org.apache.zookeeper.ClientCnxn - Got ping response for sessionid: 0x15f4d0651ab000b after 0ms
2017-10-24 15:46:38 [main-SendThread(192.168.1.125:2181)] DEBUG org.apache.zookeeper.ClientCnxn - Got ping response for sessionid: 0x15f4d0651ab000b after 0ms
2017-10-24 15:46:48 [main-SendThread(192.168.1.125:2181)] DEBUG org.apache.zookeeper.ClientCnxn - Got ping response for sessionid: 0x15f4d0651ab000b after 0ms
2017-10-24 15:46:58 [main-SendThread(192.168.1.125:2181)] DEBUG org.apache.zookeeper.ClientCnxn - Got ping response for sessionid: 0x15f4d0651ab000b after 0ms
2017-10-24 15:47:08 [main-SendThread(192.168.1.125:2181)] DEBUG org.apache.zookeeper.ClientCnxn - Got ping response for sessionid: 0x15f4d0651ab000b after 0ms
2017-10-24 15:47:14 [dubbo-remoting-server-heartbeat-thread-1] DEBUG c.a.d.r.exchange.support.header.HeartBeatTask -  [DUBBO] Send heartbeat to remote channel /192.168.1.125:58201, cause: The channel has no data-transmission exceeds a heartbeat period: 60000ms, dubbo version: 2.0.0, current host: 127.0.0.1
2017-10-24 15:47:14 [New I/O server worker #1-1] DEBUG c.a.d.r.exchange.support.header.HeartbeatHandler -  [DUBBO] Receive heartbeat response in thread New I/O server worker #1-1, dubbo version: 2.0.0, current host: 127.0.0.1
2017-10-24 15:47:18 [main-SendThread(192.168.1.125:2181)] DEBUG org.apache.zookeeper.ClientCnxn - Got ping response for sessionid: 0x15f4d0651ab000b after 0ms
2017-10-24 15:47:28 [main-SendThread(192.168.1.125:2181)] DEBUG org.apache.zookeeper.ClientCnxn - Got ping response for sessionid: 0x15f4d0651ab000b after 0ms
2017-10-24 15:47:38 [main-SendThread(192.168.1.125:2181)] DEBUG org.apache.zookeeper.ClientCnxn - Got ping response for sessionid: 0x15f4d0651ab000b after 0ms
2017-10-24 15:47:48 [main-SendThread(192.168.1.125:2181)] DEBUG org.apache.zookeeper.ClientCnxn - Got ping response for sessionid: 0x15f4d0651ab000b after 0ms
2017-10-24 15:47:58 [main-SendThread(192.168.1.125:2181)] DEBUG org.apache.zookeeper.ClientCnxn - Got ping response for sessionid: 0x15f4d0651ab000b after 0ms
